{"C:\\Users\\molch\\OneDrive\\Desktop\\Учеба\\4 курс\\ТРПО\\tab-editor\\server\\src\\config\\index.ts": {"path":"C:\\Users\\molch\\OneDrive\\Desktop\\Учеба\\4 курс\\ТРПО\\tab-editor\\server\\src\\config\\index.ts","statementMap":{"0":{"start":{"line":9,"column":0},"end":{"line":9,"column":28}},"1":{"start":{"line":12,"column":0},"end":{"line":12,"column":16}},"2":{"start":{"line":19,"column":13},"end":{"line":46,"column":2}}},"fnMap":{},"branchMap":{"0":{"loc":{"start":{"line":21,"column":17},"end":{"line":21,"column":43}},"type":"binary-expr","locations":[{"start":{"line":21,"column":17},"end":{"line":21,"column":33}},{"start":{"line":21,"column":37},"end":{"line":21,"column":43}}]},"1":{"loc":{"start":{"line":26,"column":12},"end":{"line":26,"column":68}},"type":"binary-expr","locations":[{"start":{"line":26,"column":12},"end":{"line":26,"column":34}},{"start":{"line":26,"column":38},"end":{"line":26,"column":68}}]},"2":{"loc":{"start":{"line":28,"column":12},"end":{"line":28,"column":42}},"type":"binary-expr","locations":[{"start":{"line":28,"column":12},"end":{"line":28,"column":34}},{"start":{"line":28,"column":38},"end":{"line":28,"column":42}}]},"3":{"loc":{"start":{"line":32,"column":11},"end":{"line":32,"column":48}},"type":"binary-expr","locations":[{"start":{"line":32,"column":11},"end":{"line":32,"column":31}},{"start":{"line":32,"column":35},"end":{"line":32,"column":48}}]}},"s":{"0":14,"1":14,"2":14},"f":{},"b":{"0":[14,0],"1":[14,0],"2":[14,0],"3":[14,0]}}
,"C:\\Users\\molch\\OneDrive\\Desktop\\Учеба\\4 курс\\ТРПО\\tab-editor\\server\\src\\database\\index.ts": {"path":"C:\\Users\\molch\\OneDrive\\Desktop\\Учеба\\4 курс\\ТРПО\\tab-editor\\server\\src\\database\\index.ts","statementMap":{"0":{"start":{"line":10,"column":0},"end":{"line":10,"column":30}},"1":{"start":{"line":11,"column":0},"end":{"line":11,"column":24}},"2":{"start":{"line":12,"column":0},"end":{"line":12,"column":20}},"3":{"start":{"line":22,"column":10},"end":{"line":22,"column":45}},"4":{"start":{"line":26,"column":4},"end":{"line":26,"column":54}},"5":{"start":{"line":27,"column":4},"end":{"line":27,"column":31}},"6":{"start":{"line":36,"column":4},"end":{"line":38,"column":5}},"7":{"start":{"line":37,"column":6},"end":{"line":37,"column":41}},"8":{"start":{"line":39,"column":4},"end":{"line":39,"column":29}},"9":{"start":{"line":48,"column":4},"end":{"line":50,"column":5}},"10":{"start":{"line":49,"column":6},"end":{"line":49,"column":54}},"11":{"start":{"line":60,"column":4},"end":{"line":60,"column":52}},"12":{"start":{"line":70,"column":4},"end":{"line":72,"column":5}},"13":{"start":{"line":71,"column":6},"end":{"line":71,"column":55}},"14":{"start":{"line":73,"column":4},"end":{"line":73,"column":19}},"15":{"start":{"line":90,"column":23},"end":{"line":90,"column":43}},"16":{"start":{"line":91,"column":4},"end":{"line":96,"column":7}},"17":{"start":{"line":92,"column":6},"end":{"line":95,"column":9}},"18":{"start":{"line":93,"column":8},"end":{"line":94,"column":69}},"19":{"start":{"line":93,"column":17},"end":{"line":93,"column":29}},"20":{"start":{"line":94,"column":13},"end":{"line":94,"column":69}},"21":{"start":{"line":113,"column":23},"end":{"line":113,"column":43}},"22":{"start":{"line":114,"column":4},"end":{"line":119,"column":7}},"23":{"start":{"line":115,"column":6},"end":{"line":118,"column":9}},"24":{"start":{"line":116,"column":8},"end":{"line":117,"column":34}},"25":{"start":{"line":116,"column":17},"end":{"line":116,"column":29}},"26":{"start":{"line":117,"column":13},"end":{"line":117,"column":34}},"27":{"start":{"line":136,"column":23},"end":{"line":136,"column":43}},"28":{"start":{"line":137,"column":4},"end":{"line":142,"column":7}},"29":{"start":{"line":138,"column":6},"end":{"line":141,"column":9}},"30":{"start":{"line":139,"column":8},"end":{"line":140,"column":39}},"31":{"start":{"line":139,"column":17},"end":{"line":139,"column":29}},"32":{"start":{"line":140,"column":13},"end":{"line":140,"column":39}},"33":{"start":{"line":163,"column":4},"end":{"line":163,"column":40}},"34":{"start":{"line":164,"column":4},"end":{"line":171,"column":5}},"35":{"start":{"line":165,"column":21},"end":{"line":165,"column":37}},"36":{"start":{"line":166,"column":6},"end":{"line":166,"column":31}},"37":{"start":{"line":167,"column":6},"end":{"line":167,"column":20}},"38":{"start":{"line":169,"column":6},"end":{"line":169,"column":33}},"39":{"start":{"line":170,"column":6},"end":{"line":170,"column":18}},"40":{"start":{"line":181,"column":20},"end":{"line":232,"column":6}},"41":{"start":{"line":234,"column":20},"end":{"line":242,"column":6}},"42":{"start":{"line":245,"column":4},"end":{"line":247,"column":5}},"43":{"start":{"line":246,"column":6},"end":{"line":246,"column":28}},"44":{"start":{"line":250,"column":4},"end":{"line":252,"column":5}},"45":{"start":{"line":251,"column":6},"end":{"line":251,"column":28}},"46":{"start":{"line":261,"column":9},"end":{"line":261,"column":17}},"47":{"start":{"line":259,"column":13},"end":{"line":259,"column":41}},"48":{"start":{"line":266,"column":28},"end":{"line":266,"column":64}},"49":{"start":{"line":266,"column":49},"end":{"line":266,"column":64}},"50":{"start":{"line":266,"column":13},"end":{"line":266,"column":28}}},"fnMap":{"0":{"name":"(anonymous_1)","decl":{"start":{"line":25,"column":2},"end":{"line":25,"column":null}},"loc":{"start":{"line":25,"column":2},"end":{"line":28,"column":3}}},"1":{"name":"(anonymous_2)","decl":{"start":{"line":35,"column":2},"end":{"line":35,"column":8}},"loc":{"start":{"line":35,"column":20},"end":{"line":40,"column":3}}},"2":{"name":"(anonymous_3)","decl":{"start":{"line":47,"column":10},"end":{"line":47,"column":29}},"loc":{"start":{"line":47,"column":29},"end":{"line":51,"column":3}}},"3":{"name":"(anonymous_4)","decl":{"start":{"line":59,"column":10},"end":{"line":59,"column":19}},"loc":{"start":{"line":59,"column":19},"end":{"line":61,"column":3}}},"4":{"name":"(anonymous_5)","decl":{"start":{"line":69,"column":2},"end":{"line":69,"column":15}},"loc":{"start":{"line":69,"column":15},"end":{"line":74,"column":3}}},"5":{"name":"(anonymous_6)","decl":{"start":{"line":89,"column":2},"end":{"line":89,"column":7}},"loc":{"start":{"line":89,"column":43},"end":{"line":97,"column":3}}},"6":{"name":"(anonymous_7)","decl":{"start":{"line":91,"column":23},"end":{"line":91,"column":24}},"loc":{"start":{"line":91,"column":43},"end":{"line":96,"column":5}}},"7":{"name":"(anonymous_8)","decl":{"start":{"line":92,"column":34},"end":{"line":92,"column":43}},"loc":{"start":{"line":92,"column":46},"end":{"line":95,"column":7}}},"8":{"name":"(anonymous_9)","decl":{"start":{"line":112,"column":2},"end":{"line":112,"column":7}},"loc":{"start":{"line":112,"column":52},"end":{"line":120,"column":3}}},"9":{"name":"(anonymous_10)","decl":{"start":{"line":114,"column":23},"end":{"line":114,"column":24}},"loc":{"start":{"line":114,"column":43},"end":{"line":119,"column":5}}},"10":{"name":"(anonymous_11)","decl":{"start":{"line":115,"column":34},"end":{"line":115,"column":35}},"loc":{"start":{"line":115,"column":48},"end":{"line":118,"column":7}}},"11":{"name":"(anonymous_12)","decl":{"start":{"line":135,"column":2},"end":{"line":135,"column":7}},"loc":{"start":{"line":135,"column":52},"end":{"line":143,"column":3}}},"12":{"name":"(anonymous_13)","decl":{"start":{"line":137,"column":23},"end":{"line":137,"column":24}},"loc":{"start":{"line":137,"column":43},"end":{"line":142,"column":5}}},"13":{"name":"(anonymous_14)","decl":{"start":{"line":138,"column":34},"end":{"line":138,"column":35}},"loc":{"start":{"line":138,"column":47},"end":{"line":141,"column":7}}},"14":{"name":"(anonymous_15)","decl":{"start":{"line":162,"column":2},"end":{"line":162,"column":7}},"loc":{"start":{"line":162,"column":49},"end":{"line":172,"column":3}}},"15":{"name":"(anonymous_16)","decl":{"start":{"line":180,"column":2},"end":{"line":180,"column":7}},"loc":{"start":{"line":180,"column":18},"end":{"line":253,"column":3}}},"16":{"name":"(anonymous_17)","decl":{"start":{"line":266,"column":28},"end":{"line":266,"column":46}},"loc":{"start":{"line":266,"column":49},"end":{"line":266,"column":64}}}},"branchMap":{"0":{"loc":{"start":{"line":36,"column":4},"end":{"line":38,"column":5}},"type":"if","locations":[{"start":{"line":36,"column":4},"end":{"line":38,"column":5}},{"start":{},"end":{}}]},"1":{"loc":{"start":{"line":48,"column":4},"end":{"line":50,"column":5}},"type":"if","locations":[{"start":{"line":48,"column":4},"end":{"line":50,"column":5}},{"start":{},"end":{}}]},"2":{"loc":{"start":{"line":70,"column":4},"end":{"line":72,"column":5}},"type":"if","locations":[{"start":{"line":70,"column":4},"end":{"line":72,"column":5}},{"start":{},"end":{}}]},"3":{"loc":{"start":{"line":89,"column":25},"end":{"line":89,"column":43}},"type":"default-arg","locations":[{"start":{"line":89,"column":41},"end":{"line":89,"column":43}}]},"4":{"loc":{"start":{"line":93,"column":8},"end":{"line":94,"column":69}},"type":"if","locations":[{"start":{"line":93,"column":8},"end":{"line":94,"column":69}},{"start":{"line":94,"column":13},"end":{"line":94,"column":69}}]},"5":{"loc":{"start":{"line":112,"column":34},"end":{"line":112,"column":52}},"type":"default-arg","locations":[{"start":{"line":112,"column":50},"end":{"line":112,"column":52}}]},"6":{"loc":{"start":{"line":116,"column":8},"end":{"line":117,"column":34}},"type":"if","locations":[{"start":{"line":116,"column":8},"end":{"line":117,"column":34}},{"start":{"line":117,"column":13},"end":{"line":117,"column":34}}]},"7":{"loc":{"start":{"line":135,"column":34},"end":{"line":135,"column":52}},"type":"default-arg","locations":[{"start":{"line":135,"column":50},"end":{"line":135,"column":52}}]},"8":{"loc":{"start":{"line":139,"column":8},"end":{"line":140,"column":39}},"type":"if","locations":[{"start":{"line":139,"column":8},"end":{"line":140,"column":39}},{"start":{"line":140,"column":13},"end":{"line":140,"column":39}}]},"9":{"loc":{"start":{"line":140,"column":21},"end":{"line":140,"column":37}},"type":"binary-expr","locations":[{"start":{"line":140,"column":21},"end":{"line":140,"column":29}},{"start":{"line":140,"column":33},"end":{"line":140,"column":37}}]}},"s":{"0":0,"1":0,"2":0,"3":0,"4":0,"5":0,"6":0,"7":0,"8":0,"9":0,"10":0,"11":0,"12":0,"13":0,"14":0,"15":0,"16":0,"17":0,"18":0,"19":0,"20":0,"21":0,"22":0,"23":0,"24":0,"25":0,"26":0,"27":0,"28":0,"29":0,"30":0,"31":0,"32":0,"33":0,"34":0,"35":0,"36":0,"37":0,"38":0,"39":0,"40":0,"41":0,"42":0,"43":0,"44":0,"45":0,"46":0,"47":0,"48":0,"49":0,"50":0},"f":{"0":0,"1":0,"2":0,"3":0,"4":0,"5":0,"6":0,"7":0,"8":0,"9":0,"10":0,"11":0,"12":0,"13":0,"14":0,"15":0,"16":0},"b":{"0":[0,0],"1":[0,0],"2":[0,0],"3":[0],"4":[0,0],"5":[0],"6":[0,0],"7":[0],"8":[0,0],"9":[0,0]}}
,"C:\\Users\\molch\\OneDrive\\Desktop\\Учеба\\4 курс\\ТРПО\\tab-editor\\server\\src\\middleware\\auth.ts": {"path":"C:\\Users\\molch\\OneDrive\\Desktop\\Учеба\\4 курс\\ТРПО\\tab-editor\\server\\src\\middleware\\auth.ts","statementMap":{"0":{"start":{"line":10,"column":0},"end":{"line":10,"column":43}},"1":{"start":{"line":12,"column":0},"end":{"line":12,"column":43}},"2":{"start":{"line":36,"column":23},"end":{"line":87,"column":1}},"3":{"start":{"line":41,"column":21},"end":{"line":41,"column":46}},"4":{"start":{"line":44,"column":2},"end":{"line":50,"column":3}},"5":{"start":{"line":45,"column":4},"end":{"line":48,"column":7}},"6":{"start":{"line":49,"column":4},"end":{"line":49,"column":11}},"7":{"start":{"line":52,"column":16},"end":{"line":52,"column":40}},"8":{"start":{"line":54,"column":2},"end":{"line":60,"column":3}},"9":{"start":{"line":55,"column":4},"end":{"line":58,"column":7}},"10":{"start":{"line":59,"column":4},"end":{"line":59,"column":11}},"11":{"start":{"line":62,"column":2},"end":{"line":86,"column":3}},"12":{"start":{"line":64,"column":20},"end":{"line":64,"column":38}},"13":{"start":{"line":67,"column":17},"end":{"line":67,"column":53}},"14":{"start":{"line":69,"column":4},"end":{"line":75,"column":5}},"15":{"start":{"line":70,"column":6},"end":{"line":73,"column":9}},"16":{"start":{"line":74,"column":6},"end":{"line":74,"column":13}},"17":{"start":{"line":78,"column":4},"end":{"line":78,"column":20}},"18":{"start":{"line":79,"column":4},"end":{"line":79,"column":11}},"19":{"start":{"line":82,"column":4},"end":{"line":85,"column":7}},"20":{"start":{"line":36,"column":13},"end":{"line":36,"column":23}}},"fnMap":{"0":{"name":"(anonymous_0)","decl":{"start":{"line":36,"column":23},"end":{"line":36,"column":28}},"loc":{"start":{"line":40,"column":19},"end":{"line":87,"column":1}}}},"branchMap":{"0":{"loc":{"start":{"line":44,"column":2},"end":{"line":50,"column":3}},"type":"if","locations":[{"start":{"line":44,"column":2},"end":{"line":50,"column":3}},{"start":{},"end":{}}]},"1":{"loc":{"start":{"line":54,"column":2},"end":{"line":60,"column":3}},"type":"if","locations":[{"start":{"line":54,"column":2},"end":{"line":60,"column":3}},{"start":{},"end":{}}]},"2":{"loc":{"start":{"line":69,"column":4},"end":{"line":75,"column":5}},"type":"if","locations":[{"start":{"line":69,"column":4},"end":{"line":75,"column":5}},{"start":{},"end":{}}]}},"s":{"0":1,"1":1,"2":1,"3":6,"4":6,"5":2,"6":2,"7":4,"8":4,"9":1,"10":1,"11":3,"12":3,"13":2,"14":2,"15":1,"16":1,"17":1,"18":1,"19":1,"20":1},"f":{"0":6},"b":{"0":[2,4],"1":[1,3],"2":[1,1]}}
,"C:\\Users\\molch\\OneDrive\\Desktop\\Учеба\\4 курс\\ТРПО\\tab-editor\\server\\src\\middleware\\errorHandler.ts": {"path":"C:\\Users\\molch\\OneDrive\\Desktop\\Учеба\\4 курс\\ТРПО\\tab-editor\\server\\src\\middleware\\errorHandler.ts","statementMap":{"0":{"start":{"line":10,"column":0},"end":{"line":10,"column":35}},"1":{"start":{"line":24,"column":28},"end":{"line":41,"column":1}},"2":{"start":{"line":30,"column":2},"end":{"line":30,"column":37}},"3":{"start":{"line":33,"column":23},"end":{"line":35,"column":33}},"4":{"start":{"line":37,"column":2},"end":{"line":40,"column":5}},"5":{"start":{"line":24,"column":13},"end":{"line":24,"column":28}},"6":{"start":{"line":57,"column":24},"end":{"line":62,"column":1}},"7":{"start":{"line":58,"column":2},"end":{"line":61,"column":5}},"8":{"start":{"line":57,"column":13},"end":{"line":57,"column":24}}},"fnMap":{"0":{"name":"(anonymous_0)","decl":{"start":{"line":24,"column":28},"end":{"line":24,"column":null}},"loc":{"start":{"line":28,"column":10},"end":{"line":41,"column":1}}},"1":{"name":"(anonymous_1)","decl":{"start":{"line":57,"column":24},"end":{"line":57,"column":25}},"loc":{"start":{"line":57,"column":62},"end":{"line":62,"column":1}}}},"branchMap":{"0":{"loc":{"start":{"line":33,"column":23},"end":{"line":35,"column":33}},"type":"cond-expr","locations":[{"start":{"line":34,"column":6},"end":{"line":34,"column":17}},{"start":{"line":35,"column":6},"end":{"line":35,"column":33}}]}},"s":{"0":1,"1":1,"2":2,"3":2,"4":2,"5":1,"6":1,"7":1,"8":1},"f":{"0":2,"1":1},"b":{"0":[1,1]}}
,"C:\\Users\\molch\\OneDrive\\Desktop\\Учеба\\4 курс\\ТРПО\\tab-editor\\server\\src\\middleware\\logger.ts": {"path":"C:\\Users\\molch\\OneDrive\\Desktop\\Учеба\\4 курс\\ТРПО\\tab-editor\\server\\src\\middleware\\logger.ts","statementMap":{"0":{"start":{"line":38,"column":22},"end":{"line":50,"column":1}},"1":{"start":{"line":39,"column":20},"end":{"line":39,"column":30}},"2":{"start":{"line":42,"column":2},"end":{"line":46,"column":5}},"3":{"start":{"line":43,"column":21},"end":{"line":43,"column":43}},"4":{"start":{"line":44,"column":23},"end":{"line":44,"column":85}},"5":{"start":{"line":45,"column":4},"end":{"line":45,"column":28}},"6":{"start":{"line":49,"column":2},"end":{"line":49,"column":9}},"7":{"start":{"line":38,"column":13},"end":{"line":38,"column":22}},"8":{"start":{"line":62,"column":30},"end":{"line":86,"column":1}},"9":{"start":{"line":63,"column":20},"end":{"line":63,"column":30}},"10":{"start":{"line":64,"column":13},"end":{"line":64,"column":47}},"11":{"start":{"line":65,"column":20},"end":{"line":65,"column":54}},"12":{"start":{"line":67,"column":21},"end":{"line":67,"column":22}},"13":{"start":{"line":68,"column":23},"end":{"line":68,"column":31}},"14":{"start":{"line":71,"column":2},"end":{"line":74,"column":4}},"15":{"start":{"line":72,"column":4},"end":{"line":72,"column":67}},"16":{"start":{"line":73,"column":4},"end":{"line":73,"column":41}},"17":{"start":{"line":76,"column":2},"end":{"line":83,"column":5}},"18":{"start":{"line":77,"column":21},"end":{"line":77,"column":43}},"19":{"start":{"line":78,"column":21},"end":{"line":78,"column":53}},"20":{"start":{"line":79,"column":4},"end":{"line":82,"column":6}},"21":{"start":{"line":85,"column":2},"end":{"line":85,"column":9}},"22":{"start":{"line":62,"column":13},"end":{"line":62,"column":30}}},"fnMap":{"0":{"name":"(anonymous_0)","decl":{"start":{"line":38,"column":22},"end":{"line":38,"column":23}},"loc":{"start":{"line":38,"column":80},"end":{"line":50,"column":1}}},"1":{"name":"(anonymous_1)","decl":{"start":{"line":42,"column":19},"end":{"line":42,"column":22}},"loc":{"start":{"line":42,"column":24},"end":{"line":46,"column":3}}},"2":{"name":"(anonymous_2)","decl":{"start":{"line":62,"column":30},"end":{"line":62,"column":31}},"loc":{"start":{"line":62,"column":88},"end":{"line":86,"column":1}}},"3":{"name":"(anonymous_3)","decl":{"start":{"line":71,"column":13},"end":{"line":71,"column":22}},"loc":{"start":{"line":71,"column":31},"end":{"line":74,"column":3}}},"4":{"name":"(anonymous_4)","decl":{"start":{"line":76,"column":19},"end":{"line":76,"column":22}},"loc":{"start":{"line":76,"column":24},"end":{"line":83,"column":3}}}},"branchMap":{"0":{"loc":{"start":{"line":64,"column":13},"end":{"line":64,"column":47}},"type":"binary-expr","locations":[{"start":{"line":64,"column":13},"end":{"line":64,"column":19}},{"start":{"line":64,"column":23},"end":{"line":64,"column":47}}]},"1":{"loc":{"start":{"line":65,"column":20},"end":{"line":65,"column":54}},"type":"binary-expr","locations":[{"start":{"line":65,"column":20},"end":{"line":65,"column":41}},{"start":{"line":65,"column":45},"end":{"line":65,"column":54}}]}},"s":{"0":1,"1":3,"2":3,"3":2,"4":2,"5":2,"6":3,"7":1,"8":1,"9":8,"10":8,"11":8,"12":8,"13":8,"14":8,"15":2,"16":2,"17":8,"18":6,"19":6,"20":6,"21":8,"22":1},"f":{"0":3,"1":2,"2":8,"3":2,"4":6},"b":{"0":[8,8],"1":[8,1]}}
,"C:\\Users\\molch\\OneDrive\\Desktop\\Учеба\\4 курс\\ТРПО\\tab-editor\\server\\src\\middleware\\validation.ts": {"path":"C:\\Users\\molch\\OneDrive\\Desktop\\Учеба\\4 курс\\ТРПО\\tab-editor\\server\\src\\middleware\\validation.ts","statementMap":{"0":{"start":{"line":9,"column":0},"end":{"line":9,"column":69}},"1":{"start":{"line":53,"column":24},"end":{"line":120,"column":1}},"2":{"start":{"line":54,"column":2},"end":{"line":119,"column":4}},"3":{"start":{"line":55,"column":29},"end":{"line":55,"column":31}},"4":{"start":{"line":57,"column":4},"end":{"line":107,"column":5}},"5":{"start":{"line":58,"column":20},"end":{"line":58,"column":35}},"6":{"start":{"line":61,"column":6},"end":{"line":64,"column":7}},"7":{"start":{"line":62,"column":8},"end":{"line":62,"column":49}},"8":{"start":{"line":63,"column":8},"end":{"line":63,"column":17}},"9":{"start":{"line":67,"column":6},"end":{"line":69,"column":7}},"10":{"start":{"line":68,"column":8},"end":{"line":68,"column":17}},"11":{"start":{"line":72,"column":6},"end":{"line":77,"column":7}},"12":{"start":{"line":73,"column":8},"end":{"line":76,"column":9}},"13":{"start":{"line":74,"column":10},"end":{"line":74,"column":92}},"14":{"start":{"line":75,"column":10},"end":{"line":75,"column":19}},"15":{"start":{"line":80,"column":6},"end":{"line":85,"column":7}},"16":{"start":{"line":81,"column":8},"end":{"line":84,"column":9}},"17":{"start":{"line":82,"column":10},"end":{"line":82,"column":93}},"18":{"start":{"line":83,"column":10},"end":{"line":83,"column":19}},"19":{"start":{"line":88,"column":6},"end":{"line":94,"column":7}},"20":{"start":{"line":89,"column":8},"end":{"line":93,"column":9}},"21":{"start":{"line":90,"column":26},"end":{"line":90,"column":61}},"22":{"start":{"line":91,"column":10},"end":{"line":91,"column":72}},"23":{"start":{"line":92,"column":10},"end":{"line":92,"column":19}},"24":{"start":{"line":97,"column":6},"end":{"line":106,"column":7}},"25":{"start":{"line":98,"column":8},"end":{"line":105,"column":9}},"26":{"start":{"line":99,"column":26},"end":{"line":99,"column":45}},"27":{"start":{"line":100,"column":10},"end":{"line":102,"column":11}},"28":{"start":{"line":101,"column":12},"end":{"line":101,"column":88}},"29":{"start":{"line":104,"column":10},"end":{"line":104,"column":64}},"30":{"start":{"line":109,"column":4},"end":{"line":116,"column":5}},"31":{"start":{"line":110,"column":6},"end":{"line":114,"column":9}},"32":{"start":{"line":115,"column":6},"end":{"line":115,"column":13}},"33":{"start":{"line":118,"column":4},"end":{"line":118,"column":11}},"34":{"start":{"line":53,"column":13},"end":{"line":53,"column":24}},"35":{"start":{"line":133,"column":24},"end":{"line":150,"column":1}},"36":{"start":{"line":134,"column":2},"end":{"line":149,"column":4}},"37":{"start":{"line":135,"column":19},"end":{"line":135,"column":50}},"38":{"start":{"line":137,"column":4},"end":{"line":146,"column":5}},"39":{"start":{"line":138,"column":20},"end":{"line":138,"column":35}},"40":{"start":{"line":139,"column":6},"end":{"line":145,"column":7}},"41":{"start":{"line":141,"column":8},"end":{"line":144,"column":26}},"42":{"start":{"line":148,"column":4},"end":{"line":148,"column":11}},"43":{"start":{"line":133,"column":13},"end":{"line":133,"column":24}}},"fnMap":{"0":{"name":"(anonymous_0)","decl":{"start":{"line":53,"column":24},"end":{"line":53,"column":25}},"loc":{"start":{"line":53,"column":53},"end":{"line":120,"column":1}}},"1":{"name":"(anonymous_1)","decl":{"start":{"line":54,"column":9},"end":{"line":54,"column":10}},"loc":{"start":{"line":54,"column":67},"end":{"line":119,"column":3}}},"2":{"name":"(anonymous_2)","decl":{"start":{"line":133,"column":24},"end":{"line":133,"column":25}},"loc":{"start":{"line":133,"column":46},"end":{"line":150,"column":1}}},"3":{"name":"(anonymous_3)","decl":{"start":{"line":134,"column":9},"end":{"line":134,"column":10}},"loc":{"start":{"line":134,"column":68},"end":{"line":149,"column":3}}}},"branchMap":{"0":{"loc":{"start":{"line":61,"column":6},"end":{"line":64,"column":7}},"type":"if","locations":[{"start":{"line":61,"column":6},"end":{"line":64,"column":7}},{"start":{},"end":{}}]},"1":{"loc":{"start":{"line":61,"column":10},"end":{"line":61,"column":83}},"type":"binary-expr","locations":[{"start":{"line":61,"column":10},"end":{"line":61,"column":24}},{"start":{"line":61,"column":29},"end":{"line":61,"column":48}},{"start":{"line":61,"column":52},"end":{"line":61,"column":66}},{"start":{"line":61,"column":70},"end":{"line":61,"column":82}}]},"2":{"loc":{"start":{"line":67,"column":6},"end":{"line":69,"column":7}},"type":"if","locations":[{"start":{"line":67,"column":6},"end":{"line":69,"column":7}},{"start":{},"end":{}}]},"3":{"loc":{"start":{"line":67,"column":10},"end":{"line":67,"column":47}},"type":"binary-expr","locations":[{"start":{"line":67,"column":10},"end":{"line":67,"column":29}},{"start":{"line":67,"column":33},"end":{"line":67,"column":47}}]},"4":{"loc":{"start":{"line":72,"column":6},"end":{"line":77,"column":7}},"type":"if","locations":[{"start":{"line":72,"column":6},"end":{"line":77,"column":7}},{"start":{},"end":{}}]},"5":{"loc":{"start":{"line":72,"column":10},"end":{"line":72,"column":68}},"type":"binary-expr","locations":[{"start":{"line":72,"column":10},"end":{"line":72,"column":39}},{"start":{"line":72,"column":43},"end":{"line":72,"column":68}}]},"6":{"loc":{"start":{"line":73,"column":8},"end":{"line":76,"column":9}},"type":"if","locations":[{"start":{"line":73,"column":8},"end":{"line":76,"column":9}},{"start":{},"end":{}}]},"7":{"loc":{"start":{"line":80,"column":6},"end":{"line":85,"column":7}},"type":"if","locations":[{"start":{"line":80,"column":6},"end":{"line":85,"column":7}},{"start":{},"end":{}}]},"8":{"loc":{"start":{"line":80,"column":10},"end":{"line":80,"column":68}},"type":"binary-expr","locations":[{"start":{"line":80,"column":10},"end":{"line":80,"column":39}},{"start":{"line":80,"column":43},"end":{"line":80,"column":68}}]},"9":{"loc":{"start":{"line":81,"column":8},"end":{"line":84,"column":9}},"type":"if","locations":[{"start":{"line":81,"column":8},"end":{"line":84,"column":9}},{"start":{},"end":{}}]},"10":{"loc":{"start":{"line":88,"column":6},"end":{"line":94,"column":7}},"type":"if","locations":[{"start":{"line":88,"column":6},"end":{"line":94,"column":7}},{"start":{},"end":{}}]},"11":{"loc":{"start":{"line":88,"column":10},"end":{"line":88,"column":56}},"type":"binary-expr","locations":[{"start":{"line":88,"column":10},"end":{"line":88,"column":25}},{"start":{"line":88,"column":29},"end":{"line":88,"column":56}}]},"12":{"loc":{"start":{"line":89,"column":8},"end":{"line":93,"column":9}},"type":"if","locations":[{"start":{"line":89,"column":8},"end":{"line":93,"column":9}},{"start":{},"end":{}}]},"13":{"loc":{"start":{"line":91,"column":22},"end":{"line":91,"column":70}},"type":"binary-expr","locations":[{"start":{"line":91,"column":22},"end":{"line":91,"column":29}},{"start":{"line":91,"column":33},"end":{"line":91,"column":70}}]},"14":{"loc":{"start":{"line":97,"column":6},"end":{"line":106,"column":7}},"type":"if","locations":[{"start":{"line":97,"column":6},"end":{"line":106,"column":7}},{"start":{},"end":{}}]},"15":{"loc":{"start":{"line":100,"column":10},"end":{"line":102,"column":11}},"type":"if","locations":[{"start":{"line":100,"column":10},"end":{"line":102,"column":11}},{"start":{},"end":{}}]},"16":{"loc":{"start":{"line":101,"column":24},"end":{"line":101,"column":86}},"type":"binary-expr","locations":[{"start":{"line":101,"column":24},"end":{"line":101,"column":43}},{"start":{"line":101,"column":47},"end":{"line":101,"column":86}}]},"17":{"loc":{"start":{"line":109,"column":4},"end":{"line":116,"column":5}},"type":"if","locations":[{"start":{"line":109,"column":4},"end":{"line":116,"column":5}},{"start":{},"end":{}}]},"18":{"loc":{"start":{"line":135,"column":19},"end":{"line":135,"column":50}},"type":"binary-expr","locations":[{"start":{"line":135,"column":19},"end":{"line":135,"column":25}},{"start":{"line":135,"column":29},"end":{"line":135,"column":50}}]},"19":{"loc":{"start":{"line":139,"column":6},"end":{"line":145,"column":7}},"type":"if","locations":[{"start":{"line":139,"column":6},"end":{"line":145,"column":7}},{"start":{},"end":{}}]}},"s":{"0":2,"1":2,"2":6,"3":7,"4":7,"5":14,"6":14,"7":1,"8":1,"9":13,"10":1,"11":12,"12":2,"13":1,"14":1,"15":11,"16":0,"17":0,"18":0,"19":11,"20":8,"21":1,"22":1,"23":1,"24":10,"25":0,"26":0,"27":0,"28":0,"29":0,"30":7,"31":3,"32":3,"33":4,"34":2,"35":2,"36":3,"37":3,"38":3,"39":5,"40":5,"41":4,"42":3,"43":2},"f":{"0":6,"1":7,"2":3,"3":3},"b":{"0":[1,13],"1":[14,13,12,12],"2":[1,12],"3":[13,12],"4":[2,10],"5":[12,2],"6":[1,1],"7":[0,11],"8":[11,0],"9":[0,0],"10":[8,3],"11":[11,8],"12":[1,7],"13":[1,0],"14":[0,10],"15":[0,0],"16":[0,0],"17":[3,4],"18":[3,1],"19":[4,1]}}
,"C:\\Users\\molch\\OneDrive\\Desktop\\Учеба\\4 курс\\ТРПО\\tab-editor\\server\\src\\models\\Library.ts": {"path":"C:\\Users\\molch\\OneDrive\\Desktop\\Учеба\\4 курс\\ТРПО\\tab-editor\\server\\src\\models\\Library.ts","statementMap":{"0":{"start":{"line":8,"column":0},"end":{"line":8,"column":60}},"1":{"start":{"line":34,"column":13},"end":{"line":107,"column":11}}},"fnMap":{},"branchMap":{},"s":{"0":3,"1":3},"f":{},"b":{}}
,"C:\\Users\\molch\\OneDrive\\Desktop\\Учеба\\4 курс\\ТРПО\\tab-editor\\server\\src\\models\\Tab.ts": {"path":"C:\\Users\\molch\\OneDrive\\Desktop\\Учеба\\4 курс\\ТРПО\\tab-editor\\server\\src\\models\\Tab.ts","statementMap":{"0":{"start":{"line":8,"column":0},"end":{"line":8,"column":52}},"1":{"start":{"line":34,"column":13},"end":{"line":128,"column":11}}},"fnMap":{},"branchMap":{},"s":{"0":3,"1":3},"f":{},"b":{}}
,"C:\\Users\\molch\\OneDrive\\Desktop\\Учеба\\4 курс\\ТРПО\\tab-editor\\server\\src\\models\\TheoryProgressModel.ts": {"path":"C:\\Users\\molch\\OneDrive\\Desktop\\Учеба\\4 курс\\ТРПО\\tab-editor\\server\\src\\models\\TheoryProgressModel.ts","statementMap":{"0":{"start":{"line":8,"column":0},"end":{"line":8,"column":74}},"1":{"start":{"line":34,"column":13},"end":{"line":175,"column":11}}},"fnMap":{},"branchMap":{},"s":{"0":2,"1":2},"f":{},"b":{}}
,"C:\\Users\\molch\\OneDrive\\Desktop\\Учеба\\4 курс\\ТРПО\\tab-editor\\server\\src\\models\\User.ts": {"path":"C:\\Users\\molch\\OneDrive\\Desktop\\Учеба\\4 курс\\ТРПО\\tab-editor\\server\\src\\models\\User.ts","statementMap":{"0":{"start":{"line":8,"column":0},"end":{"line":8,"column":54}},"1":{"start":{"line":37,"column":13},"end":{"line":133,"column":11}}},"fnMap":{},"branchMap":{},"s":{"0":3,"1":3},"f":{},"b":{}}
,"C:\\Users\\molch\\OneDrive\\Desktop\\Учеба\\4 курс\\ТРПО\\tab-editor\\server\\src\\routes\\auth.ts": {"path":"C:\\Users\\molch\\OneDrive\\Desktop\\Учеба\\4 курс\\ТРПО\\tab-editor\\server\\src\\routes\\auth.ts","statementMap":{"0":{"start":{"line":8,"column":0},"end":{"line":8,"column":30}},"1":{"start":{"line":9,"column":0},"end":{"line":9,"column":43}},"2":{"start":{"line":10,"column":0},"end":{"line":10,"column":45}},"3":{"start":{"line":11,"column":0},"end":{"line":11,"column":70}},"4":{"start":{"line":13,"column":0},"end":{"line":13,"column":45}},"5":{"start":{"line":15,"column":15},"end":{"line":15,"column":31}},"6":{"start":{"line":21,"column":45},"end":{"line":25,"column":2}},"7":{"start":{"line":79,"column":0},"end":{"line":118,"column":3}},"8":{"start":{"line":80,"column":40},"end":{"line":80,"column":48}},"9":{"start":{"line":83,"column":48},"end":{"line":86,"column":4}},"10":{"start":{"line":88,"column":2},"end":{"line":94,"column":3}},"11":{"start":{"line":89,"column":4},"end":{"line":92,"column":7}},"12":{"start":{"line":93,"column":4},"end":{"line":93,"column":11}},"13":{"start":{"line":96,"column":2},"end":{"line":102,"column":3}},"14":{"start":{"line":97,"column":4},"end":{"line":100,"column":7}},"15":{"start":{"line":101,"column":4},"end":{"line":101,"column":11}},"16":{"start":{"line":105,"column":15},"end":{"line":105,"column":64}},"17":{"start":{"line":106,"column":16},"end":{"line":106,"column":38}},"18":{"start":{"line":108,"column":2},"end":{"line":117,"column":5}},"19":{"start":{"line":165,"column":0},"end":{"line":202,"column":3}},"20":{"start":{"line":166,"column":30},"end":{"line":166,"column":38}},"21":{"start":{"line":169,"column":2},"end":{"line":175,"column":3}},"22":{"start":{"line":170,"column":4},"end":{"line":173,"column":7}},"23":{"start":{"line":174,"column":4},"end":{"line":174,"column":11}},"24":{"start":{"line":178,"column":15},"end":{"line":178,"column":49}},"25":{"start":{"line":179,"column":2},"end":{"line":185,"column":3}},"26":{"start":{"line":180,"column":4},"end":{"line":183,"column":7}},"27":{"start":{"line":184,"column":4},"end":{"line":184,"column":11}},"28":{"start":{"line":188,"column":2},"end":{"line":188,"column":43}},"29":{"start":{"line":189,"column":16},"end":{"line":189,"column":38}},"30":{"start":{"line":191,"column":2},"end":{"line":201,"column":5}},"31":{"start":{"line":232,"column":0},"end":{"line":251,"column":3}},"32":{"start":{"line":233,"column":2},"end":{"line":239,"column":3}},"33":{"start":{"line":234,"column":4},"end":{"line":237,"column":7}},"34":{"start":{"line":238,"column":4},"end":{"line":238,"column":11}},"35":{"start":{"line":241,"column":2},"end":{"line":250,"column":5}},"36":{"start":{"line":253,"column":0},"end":{"line":253,"column":22}}},"fnMap":{"0":{"name":"(anonymous_1)","decl":{"start":{"line":79,"column":55},"end":{"line":79,"column":60}},"loc":{"start":{"line":79,"column":74},"end":{"line":118,"column":1}}},"1":{"name":"(anonymous_2)","decl":{"start":{"line":165,"column":22},"end":{"line":165,"column":27}},"loc":{"start":{"line":165,"column":41},"end":{"line":202,"column":1}}},"2":{"name":"(anonymous_3)","decl":{"start":{"line":232,"column":27},"end":{"line":232,"column":28}},"loc":{"start":{"line":232,"column":53},"end":{"line":251,"column":1}}}},"branchMap":{"0":{"loc":{"start":{"line":88,"column":2},"end":{"line":94,"column":3}},"type":"if","locations":[{"start":{"line":88,"column":2},"end":{"line":94,"column":3}},{"start":{},"end":{}}]},"1":{"loc":{"start":{"line":96,"column":2},"end":{"line":102,"column":3}},"type":"if","locations":[{"start":{"line":96,"column":2},"end":{"line":102,"column":3}},{"start":{},"end":{}}]},"2":{"loc":{"start":{"line":169,"column":2},"end":{"line":175,"column":3}},"type":"if","locations":[{"start":{"line":169,"column":2},"end":{"line":175,"column":3}},{"start":{},"end":{}}]},"3":{"loc":{"start":{"line":169,"column":6},"end":{"line":169,"column":25}},"type":"binary-expr","locations":[{"start":{"line":169,"column":6},"end":{"line":169,"column":12}},{"start":{"line":169,"column":16},"end":{"line":169,"column":25}}]},"4":{"loc":{"start":{"line":179,"column":2},"end":{"line":185,"column":3}},"type":"if","locations":[{"start":{"line":179,"column":2},"end":{"line":185,"column":3}},{"start":{},"end":{}}]},"5":{"loc":{"start":{"line":179,"column":6},"end":{"line":179,"column":65}},"type":"binary-expr","locations":[{"start":{"line":179,"column":6},"end":{"line":179,"column":11}},{"start":{"line":179,"column":15},"end":{"line":179,"column":65}}]},"6":{"loc":{"start":{"line":233,"column":2},"end":{"line":239,"column":3}},"type":"if","locations":[{"start":{"line":233,"column":2},"end":{"line":239,"column":3}},{"start":{},"end":{}}]}},"s":{"0":1,"1":1,"2":1,"3":1,"4":1,"5":1,"6":1,"7":1,"8":2,"9":2,"10":2,"11":1,"12":1,"13":1,"14":0,"15":0,"16":1,"17":1,"18":1,"19":1,"20":2,"21":2,"22":0,"23":0,"24":2,"25":2,"26":1,"27":1,"28":1,"29":1,"30":1,"31":1,"32":1,"33":0,"34":0,"35":1,"36":1},"f":{"0":2,"1":2,"2":1},"b":{"0":[1,1],"1":[0,1],"2":[0,2],"3":[2,2],"4":[1,1],"5":[2,1],"6":[0,1]}}
,"C:\\Users\\molch\\OneDrive\\Desktop\\Учеба\\4 курс\\ТРПО\\tab-editor\\server\\src\\routes\\publicTabs.ts": {"path":"C:\\Users\\molch\\OneDrive\\Desktop\\Учеба\\4 курс\\ТРПО\\tab-editor\\server\\src\\routes\\publicTabs.ts","statementMap":{"0":{"start":{"line":8,"column":0},"end":{"line":8,"column":44}},"1":{"start":{"line":9,"column":0},"end":{"line":9,"column":41}},"2":{"start":{"line":10,"column":0},"end":{"line":10,"column":49}},"3":{"start":{"line":11,"column":0},"end":{"line":11,"column":45}},"4":{"start":{"line":14,"column":15},"end":{"line":14,"column":31}},"5":{"start":{"line":71,"column":0},"end":{"line":110,"column":3}},"6":{"start":{"line":72,"column":2},"end":{"line":109,"column":3}},"7":{"start":{"line":74,"column":18},"end":{"line":74,"column":59}},"8":{"start":{"line":75,"column":19},"end":{"line":75,"column":60}},"9":{"start":{"line":76,"column":19},"end":{"line":76,"column":45}},"10":{"start":{"line":79,"column":17},"end":{"line":79,"column":69}},"11":{"start":{"line":82,"column":41},"end":{"line":82,"column":50}},"12":{"start":{"line":83,"column":4},"end":{"line":86,"column":5}},"13":{"start":{"line":84,"column":22},"end":{"line":84,"column":66}},"14":{"start":{"line":85,"column":6},"end":{"line":85,"column":67}},"15":{"start":{"line":85,"column":54},"end":{"line":85,"column":64}},"16":{"start":{"line":89,"column":34},"end":{"line":92,"column":7}},"17":{"start":{"line":89,"column":51},"end":{"line":92,"column":6}},"18":{"start":{"line":94,"column":4},"end":{"line":102,"column":7}},"19":{"start":{"line":104,"column":4},"end":{"line":104,"column":51}},"20":{"start":{"line":105,"column":4},"end":{"line":108,"column":7}},"21":{"start":{"line":142,"column":0},"end":{"line":179,"column":3}},"22":{"start":{"line":143,"column":2},"end":{"line":178,"column":3}},"23":{"start":{"line":144,"column":15},"end":{"line":144,"column":38}},"24":{"start":{"line":145,"column":16},"end":{"line":145,"column":43}},"25":{"start":{"line":148,"column":4},"end":{"line":154,"column":5}},"26":{"start":{"line":149,"column":6},"end":{"line":152,"column":9}},"27":{"start":{"line":153,"column":6},"end":{"line":153,"column":13}},"28":{"start":{"line":157,"column":4},"end":{"line":163,"column":5}},"29":{"start":{"line":158,"column":6},"end":{"line":161,"column":9}},"30":{"start":{"line":162,"column":6},"end":{"line":162,"column":13}},"31":{"start":{"line":166,"column":4},"end":{"line":166,"column":38}},"32":{"start":{"line":168,"column":4},"end":{"line":171,"column":7}},"33":{"start":{"line":173,"column":4},"end":{"line":173,"column":50}},"34":{"start":{"line":174,"column":4},"end":{"line":177,"column":7}},"35":{"start":{"line":208,"column":0},"end":{"line":265,"column":3}},"36":{"start":{"line":209,"column":2},"end":{"line":264,"column":3}},"37":{"start":{"line":211,"column":4},"end":{"line":217,"column":5}},"38":{"start":{"line":212,"column":6},"end":{"line":215,"column":9}},"39":{"start":{"line":216,"column":6},"end":{"line":216,"column":13}},"40":{"start":{"line":219,"column":18},"end":{"line":219,"column":41}},"41":{"start":{"line":220,"column":16},"end":{"line":220,"column":46}},"42":{"start":{"line":223,"column":4},"end":{"line":229,"column":5}},"43":{"start":{"line":224,"column":6},"end":{"line":227,"column":9}},"44":{"start":{"line":228,"column":6},"end":{"line":228,"column":13}},"45":{"start":{"line":232,"column":4},"end":{"line":238,"column":5}},"46":{"start":{"line":233,"column":6},"end":{"line":236,"column":9}},"47":{"start":{"line":237,"column":6},"end":{"line":237,"column":13}},"48":{"start":{"line":241,"column":19},"end":{"line":241,"column":69}},"49":{"start":{"line":242,"column":4},"end":{"line":248,"column":5}},"50":{"start":{"line":243,"column":6},"end":{"line":246,"column":9}},"51":{"start":{"line":247,"column":6},"end":{"line":247,"column":13}},"52":{"start":{"line":251,"column":24},"end":{"line":251,"column":79}},"53":{"start":{"line":253,"column":4},"end":{"line":257,"column":7}},"54":{"start":{"line":259,"column":4},"end":{"line":259,"column":50}},"55":{"start":{"line":260,"column":4},"end":{"line":263,"column":7}},"56":{"start":{"line":290,"column":0},"end":{"line":324,"column":3}},"57":{"start":{"line":291,"column":2},"end":{"line":323,"column":3}},"58":{"start":{"line":293,"column":4},"end":{"line":299,"column":5}},"59":{"start":{"line":294,"column":6},"end":{"line":297,"column":9}},"60":{"start":{"line":298,"column":6},"end":{"line":298,"column":13}},"61":{"start":{"line":301,"column":18},"end":{"line":301,"column":41}},"62":{"start":{"line":302,"column":20},"end":{"line":302,"column":76}},"63":{"start":{"line":305,"column":4},"end":{"line":311,"column":5}},"64":{"start":{"line":306,"column":6},"end":{"line":309,"column":9}},"65":{"start":{"line":310,"column":6},"end":{"line":310,"column":13}},"66":{"start":{"line":313,"column":4},"end":{"line":316,"column":7}},"67":{"start":{"line":318,"column":4},"end":{"line":318,"column":55}},"68":{"start":{"line":319,"column":4},"end":{"line":322,"column":7}},"69":{"start":{"line":359,"column":0},"end":{"line":384,"column":3}},"70":{"start":{"line":360,"column":2},"end":{"line":383,"column":3}},"71":{"start":{"line":362,"column":4},"end":{"line":368,"column":5}},"72":{"start":{"line":363,"column":6},"end":{"line":366,"column":9}},"73":{"start":{"line":367,"column":6},"end":{"line":367,"column":13}},"74":{"start":{"line":370,"column":18},"end":{"line":370,"column":41}},"75":{"start":{"line":371,"column":19},"end":{"line":371,"column":69}},"76":{"start":{"line":373,"column":4},"end":{"line":376,"column":7}},"77":{"start":{"line":378,"column":4},"end":{"line":378,"column":49}},"78":{"start":{"line":379,"column":4},"end":{"line":382,"column":7}},"79":{"start":{"line":414,"column":0},"end":{"line":439,"column":3}},"80":{"start":{"line":415,"column":2},"end":{"line":438,"column":3}},"81":{"start":{"line":416,"column":15},"end":{"line":416,"column":38}},"82":{"start":{"line":417,"column":16},"end":{"line":417,"column":43}},"83":{"start":{"line":420,"column":4},"end":{"line":426,"column":5}},"84":{"start":{"line":421,"column":6},"end":{"line":424,"column":9}},"85":{"start":{"line":425,"column":6},"end":{"line":425,"column":13}},"86":{"start":{"line":428,"column":4},"end":{"line":431,"column":7}},"87":{"start":{"line":433,"column":4},"end":{"line":433,"column":48}},"88":{"start":{"line":434,"column":4},"end":{"line":437,"column":7}},"89":{"start":{"line":441,"column":0},"end":{"line":441,"column":22}}},"fnMap":{"0":{"name":"(anonymous_1)","decl":{"start":{"line":71,"column":16},"end":{"line":71,"column":21}},"loc":{"start":{"line":71,"column":58},"end":{"line":110,"column":1}}},"1":{"name":"(anonymous_2)","decl":{"start":{"line":85,"column":46},"end":{"line":85,"column":50}},"loc":{"start":{"line":85,"column":54},"end":{"line":85,"column":64}}},"2":{"name":"(anonymous_3)","decl":{"start":{"line":89,"column":43},"end":{"line":89,"column":46}},"loc":{"start":{"line":89,"column":51},"end":{"line":92,"column":6}}},"3":{"name":"(anonymous_4)","decl":{"start":{"line":142,"column":19},"end":{"line":142,"column":24}},"loc":{"start":{"line":142,"column":61},"end":{"line":179,"column":1}}},"4":{"name":"(anonymous_5)","decl":{"start":{"line":208,"column":37},"end":{"line":208,"column":42}},"loc":{"start":{"line":208,"column":79},"end":{"line":265,"column":1}}},"5":{"name":"(anonymous_6)","decl":{"start":{"line":290,"column":39},"end":{"line":290,"column":44}},"loc":{"start":{"line":290,"column":81},"end":{"line":324,"column":1}}},"6":{"name":"(anonymous_7)","decl":{"start":{"line":359,"column":42},"end":{"line":359,"column":47}},"loc":{"start":{"line":359,"column":84},"end":{"line":384,"column":1}}},"7":{"name":"(anonymous_8)","decl":{"start":{"line":414,"column":28},"end":{"line":414,"column":33}},"loc":{"start":{"line":414,"column":70},"end":{"line":439,"column":1}}}},"branchMap":{"0":{"loc":{"start":{"line":74,"column":18},"end":{"line":74,"column":59}},"type":"binary-expr","locations":[{"start":{"line":74,"column":18},"end":{"line":74,"column":53}},{"start":{"line":74,"column":57},"end":{"line":74,"column":59}}]},"1":{"loc":{"start":{"line":75,"column":19},"end":{"line":75,"column":60}},"type":"binary-expr","locations":[{"start":{"line":75,"column":19},"end":{"line":75,"column":55}},{"start":{"line":75,"column":59},"end":{"line":75,"column":60}}]},"2":{"loc":{"start":{"line":83,"column":4},"end":{"line":86,"column":5}},"type":"if","locations":[{"start":{"line":83,"column":4},"end":{"line":86,"column":5}},{"start":{},"end":{}}]},"3":{"loc":{"start":{"line":148,"column":4},"end":{"line":154,"column":5}},"type":"if","locations":[{"start":{"line":148,"column":4},"end":{"line":154,"column":5}},{"start":{},"end":{}}]},"4":{"loc":{"start":{"line":157,"column":4},"end":{"line":163,"column":5}},"type":"if","locations":[{"start":{"line":157,"column":4},"end":{"line":163,"column":5}},{"start":{},"end":{}}]},"5":{"loc":{"start":{"line":211,"column":4},"end":{"line":217,"column":5}},"type":"if","locations":[{"start":{"line":211,"column":4},"end":{"line":217,"column":5}},{"start":{},"end":{}}]},"6":{"loc":{"start":{"line":223,"column":4},"end":{"line":229,"column":5}},"type":"if","locations":[{"start":{"line":223,"column":4},"end":{"line":229,"column":5}},{"start":{},"end":{}}]},"7":{"loc":{"start":{"line":232,"column":4},"end":{"line":238,"column":5}},"type":"if","locations":[{"start":{"line":232,"column":4},"end":{"line":238,"column":5}},{"start":{},"end":{}}]},"8":{"loc":{"start":{"line":242,"column":4},"end":{"line":248,"column":5}},"type":"if","locations":[{"start":{"line":242,"column":4},"end":{"line":248,"column":5}},{"start":{},"end":{}}]},"9":{"loc":{"start":{"line":293,"column":4},"end":{"line":299,"column":5}},"type":"if","locations":[{"start":{"line":293,"column":4},"end":{"line":299,"column":5}},{"start":{},"end":{}}]},"10":{"loc":{"start":{"line":305,"column":4},"end":{"line":311,"column":5}},"type":"if","locations":[{"start":{"line":305,"column":4},"end":{"line":311,"column":5}},{"start":{},"end":{}}]},"11":{"loc":{"start":{"line":362,"column":4},"end":{"line":368,"column":5}},"type":"if","locations":[{"start":{"line":362,"column":4},"end":{"line":368,"column":5}},{"start":{},"end":{}}]},"12":{"loc":{"start":{"line":420,"column":4},"end":{"line":426,"column":5}},"type":"if","locations":[{"start":{"line":420,"column":4},"end":{"line":426,"column":5}},{"start":{},"end":{}}]},"13":{"loc":{"start":{"line":420,"column":8},"end":{"line":420,"column":29}},"type":"binary-expr","locations":[{"start":{"line":420,"column":8},"end":{"line":420,"column":12}},{"start":{"line":420,"column":16},"end":{"line":420,"column":29}}]}},"s":{"0":1,"1":1,"2":1,"3":1,"4":1,"5":1,"6":3,"7":3,"8":3,"9":3,"10":3,"11":2,"12":2,"13":0,"14":0,"15":0,"16":2,"17":2,"18":2,"19":1,"20":1,"21":1,"22":4,"23":4,"24":4,"25":3,"26":1,"27":1,"28":2,"29":1,"30":1,"31":1,"32":1,"33":1,"34":1,"35":1,"36":5,"37":5,"38":0,"39":0,"40":5,"41":5,"42":4,"43":1,"44":1,"45":3,"46":1,"47":1,"48":2,"49":2,"50":1,"51":1,"52":1,"53":1,"54":1,"55":1,"56":1,"57":3,"58":3,"59":0,"60":0,"61":3,"62":3,"63":2,"64":1,"65":1,"66":1,"67":1,"68":1,"69":1,"70":3,"71":3,"72":0,"73":0,"74":3,"75":3,"76":2,"77":1,"78":1,"79":1,"80":4,"81":4,"82":4,"83":3,"84":2,"85":2,"86":1,"87":1,"88":1,"89":1},"f":{"0":3,"1":0,"2":2,"3":4,"4":5,"5":3,"6":3,"7":4},"b":{"0":[3,2],"1":[3,3],"2":[0,2],"3":[1,2],"4":[1,1],"5":[0,5],"6":[1,3],"7":[1,2],"8":[1,1],"9":[0,3],"10":[1,1],"11":[0,3],"12":[2,1],"13":[3,2]}}
,"C:\\Users\\molch\\OneDrive\\Desktop\\Учеба\\4 курс\\ТРПО\\tab-editor\\server\\src\\routes\\tabs.ts": {"path":"C:\\Users\\molch\\OneDrive\\Desktop\\Учеба\\4 курс\\ТРПО\\tab-editor\\server\\src\\routes\\tabs.ts","statementMap":{"0":{"start":{"line":8,"column":0},"end":{"line":8,"column":44}},"1":{"start":{"line":9,"column":0},"end":{"line":9,"column":47}},"2":{"start":{"line":10,"column":0},"end":{"line":10,"column":49}},"3":{"start":{"line":11,"column":0},"end":{"line":11,"column":45}},"4":{"start":{"line":14,"column":15},"end":{"line":14,"column":31}},"5":{"start":{"line":48,"column":0},"end":{"line":73,"column":3}},"6":{"start":{"line":49,"column":2},"end":{"line":72,"column":3}},"7":{"start":{"line":51,"column":4},"end":{"line":57,"column":5}},"8":{"start":{"line":52,"column":6},"end":{"line":55,"column":9}},"9":{"start":{"line":56,"column":6},"end":{"line":56,"column":13}},"10":{"start":{"line":60,"column":22},"end":{"line":60,"column":74}},"11":{"start":{"line":62,"column":4},"end":{"line":65,"column":7}},"12":{"start":{"line":67,"column":4},"end":{"line":67,"column":49}},"13":{"start":{"line":68,"column":4},"end":{"line":71,"column":7}},"14":{"start":{"line":100,"column":0},"end":{"line":125,"column":3}},"15":{"start":{"line":101,"column":2},"end":{"line":124,"column":3}},"16":{"start":{"line":103,"column":4},"end":{"line":109,"column":5}},"17":{"start":{"line":104,"column":6},"end":{"line":107,"column":9}},"18":{"start":{"line":108,"column":6},"end":{"line":108,"column":13}},"19":{"start":{"line":112,"column":25},"end":{"line":112,"column":65}},"20":{"start":{"line":114,"column":4},"end":{"line":117,"column":7}},"21":{"start":{"line":119,"column":4},"end":{"line":119,"column":44}},"22":{"start":{"line":120,"column":4},"end":{"line":123,"column":7}},"23":{"start":{"line":161,"column":0},"end":{"line":204,"column":3}},"24":{"start":{"line":162,"column":2},"end":{"line":203,"column":3}},"25":{"start":{"line":164,"column":4},"end":{"line":170,"column":5}},"26":{"start":{"line":165,"column":6},"end":{"line":168,"column":9}},"27":{"start":{"line":169,"column":6},"end":{"line":169,"column":13}},"28":{"start":{"line":172,"column":15},"end":{"line":172,"column":38}},"29":{"start":{"line":173,"column":29},"end":{"line":173,"column":56}},"30":{"start":{"line":176,"column":4},"end":{"line":182,"column":5}},"31":{"start":{"line":177,"column":6},"end":{"line":180,"column":9}},"32":{"start":{"line":181,"column":6},"end":{"line":181,"column":13}},"33":{"start":{"line":185,"column":4},"end":{"line":191,"column":5}},"34":{"start":{"line":186,"column":6},"end":{"line":189,"column":9}},"35":{"start":{"line":190,"column":6},"end":{"line":190,"column":13}},"36":{"start":{"line":193,"column":4},"end":{"line":196,"column":7}},"37":{"start":{"line":198,"column":4},"end":{"line":198,"column":43}},"38":{"start":{"line":199,"column":4},"end":{"line":202,"column":7}},"39":{"start":{"line":259,"column":0},"end":{"line":284,"column":3}},"40":{"start":{"line":260,"column":2},"end":{"line":283,"column":3}},"41":{"start":{"line":262,"column":4},"end":{"line":268,"column":5}},"42":{"start":{"line":263,"column":6},"end":{"line":266,"column":9}},"43":{"start":{"line":267,"column":6},"end":{"line":267,"column":13}},"44":{"start":{"line":271,"column":22},"end":{"line":271,"column":66}},"45":{"start":{"line":273,"column":4},"end":{"line":276,"column":7}},"46":{"start":{"line":278,"column":4},"end":{"line":278,"column":46}},"47":{"start":{"line":279,"column":4},"end":{"line":282,"column":7}},"48":{"start":{"line":341,"column":0},"end":{"line":375,"column":3}},"49":{"start":{"line":342,"column":2},"end":{"line":374,"column":3}},"50":{"start":{"line":344,"column":4},"end":{"line":350,"column":5}},"51":{"start":{"line":345,"column":6},"end":{"line":348,"column":9}},"52":{"start":{"line":349,"column":6},"end":{"line":349,"column":13}},"53":{"start":{"line":352,"column":15},"end":{"line":352,"column":38}},"54":{"start":{"line":353,"column":29},"end":{"line":353,"column":77}},"55":{"start":{"line":356,"column":4},"end":{"line":362,"column":5}},"56":{"start":{"line":357,"column":6},"end":{"line":360,"column":9}},"57":{"start":{"line":361,"column":6},"end":{"line":361,"column":13}},"58":{"start":{"line":364,"column":4},"end":{"line":367,"column":7}},"59":{"start":{"line":369,"column":4},"end":{"line":369,"column":46}},"60":{"start":{"line":370,"column":4},"end":{"line":373,"column":7}},"61":{"start":{"line":409,"column":0},"end":{"line":443,"column":3}},"62":{"start":{"line":410,"column":2},"end":{"line":442,"column":3}},"63":{"start":{"line":412,"column":4},"end":{"line":418,"column":5}},"64":{"start":{"line":413,"column":6},"end":{"line":416,"column":9}},"65":{"start":{"line":417,"column":6},"end":{"line":417,"column":13}},"66":{"start":{"line":420,"column":15},"end":{"line":420,"column":38}},"67":{"start":{"line":421,"column":29},"end":{"line":421,"column":67}},"68":{"start":{"line":424,"column":4},"end":{"line":430,"column":5}},"69":{"start":{"line":425,"column":6},"end":{"line":428,"column":9}},"70":{"start":{"line":429,"column":6},"end":{"line":429,"column":13}},"71":{"start":{"line":432,"column":4},"end":{"line":435,"column":7}},"72":{"start":{"line":437,"column":4},"end":{"line":437,"column":46}},"73":{"start":{"line":438,"column":4},"end":{"line":441,"column":7}},"74":{"start":{"line":445,"column":0},"end":{"line":445,"column":22}}},"fnMap":{"0":{"name":"(anonymous_1)","decl":{"start":{"line":48,"column":34},"end":{"line":48,"column":39}},"loc":{"start":{"line":48,"column":76},"end":{"line":73,"column":1}}},"1":{"name":"(anonymous_2)","decl":{"start":{"line":100,"column":25},"end":{"line":100,"column":30}},"loc":{"start":{"line":100,"column":67},"end":{"line":125,"column":1}}},"2":{"name":"(anonymous_3)","decl":{"start":{"line":161,"column":28},"end":{"line":161,"column":33}},"loc":{"start":{"line":161,"column":70},"end":{"line":204,"column":1}}},"3":{"name":"(anonymous_4)","decl":{"start":{"line":259,"column":26},"end":{"line":259,"column":31}},"loc":{"start":{"line":259,"column":68},"end":{"line":284,"column":1}}},"4":{"name":"(anonymous_5)","decl":{"start":{"line":341,"column":28},"end":{"line":341,"column":33}},"loc":{"start":{"line":341,"column":70},"end":{"line":375,"column":1}}},"5":{"name":"(anonymous_6)","decl":{"start":{"line":409,"column":31},"end":{"line":409,"column":36}},"loc":{"start":{"line":409,"column":73},"end":{"line":443,"column":1}}}},"branchMap":{"0":{"loc":{"start":{"line":51,"column":4},"end":{"line":57,"column":5}},"type":"if","locations":[{"start":{"line":51,"column":4},"end":{"line":57,"column":5}},{"start":{},"end":{}}]},"1":{"loc":{"start":{"line":103,"column":4},"end":{"line":109,"column":5}},"type":"if","locations":[{"start":{"line":103,"column":4},"end":{"line":109,"column":5}},{"start":{},"end":{}}]},"2":{"loc":{"start":{"line":164,"column":4},"end":{"line":170,"column":5}},"type":"if","locations":[{"start":{"line":164,"column":4},"end":{"line":170,"column":5}},{"start":{},"end":{}}]},"3":{"loc":{"start":{"line":176,"column":4},"end":{"line":182,"column":5}},"type":"if","locations":[{"start":{"line":176,"column":4},"end":{"line":182,"column":5}},{"start":{},"end":{}}]},"4":{"loc":{"start":{"line":185,"column":4},"end":{"line":191,"column":5}},"type":"if","locations":[{"start":{"line":185,"column":4},"end":{"line":191,"column":5}},{"start":{},"end":{}}]},"5":{"loc":{"start":{"line":185,"column":8},"end":{"line":185,"column":51}},"type":"binary-expr","locations":[{"start":{"line":185,"column":8},"end":{"line":185,"column":34}},{"start":{"line":185,"column":38},"end":{"line":185,"column":51}}]},"6":{"loc":{"start":{"line":262,"column":4},"end":{"line":268,"column":5}},"type":"if","locations":[{"start":{"line":262,"column":4},"end":{"line":268,"column":5}},{"start":{},"end":{}}]},"7":{"loc":{"start":{"line":344,"column":4},"end":{"line":350,"column":5}},"type":"if","locations":[{"start":{"line":344,"column":4},"end":{"line":350,"column":5}},{"start":{},"end":{}}]},"8":{"loc":{"start":{"line":356,"column":4},"end":{"line":362,"column":5}},"type":"if","locations":[{"start":{"line":356,"column":4},"end":{"line":362,"column":5}},{"start":{},"end":{}}]},"9":{"loc":{"start":{"line":412,"column":4},"end":{"line":418,"column":5}},"type":"if","locations":[{"start":{"line":412,"column":4},"end":{"line":418,"column":5}},{"start":{},"end":{}}]},"10":{"loc":{"start":{"line":424,"column":4},"end":{"line":430,"column":5}},"type":"if","locations":[{"start":{"line":424,"column":4},"end":{"line":430,"column":5}},{"start":{},"end":{}}]}},"s":{"0":1,"1":1,"2":1,"3":1,"4":1,"5":1,"6":2,"7":2,"8":0,"9":0,"10":2,"11":1,"12":1,"13":1,"14":1,"15":2,"16":2,"17":0,"18":0,"19":2,"20":1,"21":1,"22":1,"23":1,"24":5,"25":5,"26":0,"27":0,"28":5,"29":5,"30":4,"31":1,"32":1,"33":3,"34":1,"35":1,"36":2,"37":1,"38":1,"39":1,"40":2,"41":2,"42":0,"43":0,"44":2,"45":1,"46":1,"47":1,"48":1,"49":3,"50":3,"51":0,"52":0,"53":3,"54":3,"55":2,"56":1,"57":1,"58":1,"59":1,"60":1,"61":1,"62":3,"63":3,"64":0,"65":0,"66":3,"67":3,"68":2,"69":1,"70":1,"71":1,"72":1,"73":1,"74":1},"f":{"0":2,"1":2,"2":5,"3":2,"4":3,"5":3},"b":{"0":[0,2],"1":[0,2],"2":[0,5],"3":[1,3],"4":[1,2],"5":[3,2],"6":[0,2],"7":[0,3],"8":[1,1],"9":[0,3],"10":[1,1]}}
,"C:\\Users\\molch\\OneDrive\\Desktop\\Учеба\\4 курс\\ТРПО\\tab-editor\\server\\src\\routes\\theory.ts": {"path":"C:\\Users\\molch\\OneDrive\\Desktop\\Учеба\\4 курс\\ТРПО\\tab-editor\\server\\src\\routes\\theory.ts","statementMap":{"0":{"start":{"line":8,"column":0},"end":{"line":8,"column":30}},"1":{"start":{"line":9,"column":0},"end":{"line":9,"column":45}},"2":{"start":{"line":10,"column":0},"end":{"line":10,"column":68}},"3":{"start":{"line":13,"column":15},"end":{"line":13,"column":31}},"4":{"start":{"line":45,"column":0},"end":{"line":79,"column":3}},"5":{"start":{"line":46,"column":2},"end":{"line":78,"column":3}},"6":{"start":{"line":47,"column":19},"end":{"line":47,"column":31}},"7":{"start":{"line":50,"column":4},"end":{"line":56,"column":5}},"8":{"start":{"line":51,"column":6},"end":{"line":54,"column":9}},"9":{"start":{"line":55,"column":6},"end":{"line":55,"column":13}},"10":{"start":{"line":59,"column":21},"end":{"line":59,"column":66}},"11":{"start":{"line":62,"column":4},"end":{"line":71,"column":7}},"12":{"start":{"line":73,"column":4},"end":{"line":73,"column":55}},"13":{"start":{"line":74,"column":4},"end":{"line":77,"column":7}},"14":{"start":{"line":125,"column":0},"end":{"line":158,"column":3}},"15":{"start":{"line":126,"column":2},"end":{"line":157,"column":3}},"16":{"start":{"line":127,"column":19},"end":{"line":127,"column":31}},"17":{"start":{"line":130,"column":4},"end":{"line":136,"column":5}},"18":{"start":{"line":131,"column":6},"end":{"line":134,"column":9}},"19":{"start":{"line":135,"column":6},"end":{"line":135,"column":13}},"20":{"start":{"line":138,"column":56},"end":{"line":138,"column":64}},"21":{"start":{"line":141,"column":21},"end":{"line":145,"column":6}},"22":{"start":{"line":147,"column":4},"end":{"line":150,"column":7}},"23":{"start":{"line":152,"column":4},"end":{"line":152,"column":58}},"24":{"start":{"line":153,"column":4},"end":{"line":156,"column":7}},"25":{"start":{"line":202,"column":0},"end":{"line":240,"column":3}},"26":{"start":{"line":203,"column":2},"end":{"line":239,"column":3}},"27":{"start":{"line":204,"column":19},"end":{"line":204,"column":31}},"28":{"start":{"line":207,"column":4},"end":{"line":213,"column":5}},"29":{"start":{"line":208,"column":6},"end":{"line":211,"column":9}},"30":{"start":{"line":212,"column":6},"end":{"line":212,"column":13}},"31":{"start":{"line":215,"column":37},"end":{"line":215,"column":45}},"32":{"start":{"line":218,"column":4},"end":{"line":224,"column":5}},"33":{"start":{"line":219,"column":6},"end":{"line":222,"column":9}},"34":{"start":{"line":223,"column":6},"end":{"line":223,"column":13}},"35":{"start":{"line":227,"column":21},"end":{"line":227,"column":92}},"36":{"start":{"line":229,"column":4},"end":{"line":232,"column":7}},"37":{"start":{"line":234,"column":4},"end":{"line":234,"column":52}},"38":{"start":{"line":235,"column":4},"end":{"line":238,"column":7}},"39":{"start":{"line":265,"column":0},"end":{"line":292,"column":3}},"40":{"start":{"line":266,"column":2},"end":{"line":291,"column":3}},"41":{"start":{"line":267,"column":19},"end":{"line":267,"column":31}},"42":{"start":{"line":270,"column":4},"end":{"line":276,"column":5}},"43":{"start":{"line":271,"column":6},"end":{"line":274,"column":9}},"44":{"start":{"line":275,"column":6},"end":{"line":275,"column":13}},"45":{"start":{"line":279,"column":23},"end":{"line":279,"column":70}},"46":{"start":{"line":281,"column":4},"end":{"line":284,"column":7}},"47":{"start":{"line":286,"column":4},"end":{"line":286,"column":50}},"48":{"start":{"line":287,"column":4},"end":{"line":290,"column":7}},"49":{"start":{"line":326,"column":0},"end":{"line":345,"column":3}},"50":{"start":{"line":327,"column":2},"end":{"line":344,"column":3}},"51":{"start":{"line":329,"column":18},"end":{"line":329,"column":59}},"52":{"start":{"line":332,"column":24},"end":{"line":332,"column":71}},"53":{"start":{"line":334,"column":4},"end":{"line":337,"column":7}},"54":{"start":{"line":339,"column":4},"end":{"line":339,"column":51}},"55":{"start":{"line":340,"column":4},"end":{"line":343,"column":7}},"56":{"start":{"line":383,"column":0},"end":{"line":418,"column":3}},"57":{"start":{"line":384,"column":2},"end":{"line":417,"column":3}},"58":{"start":{"line":385,"column":19},"end":{"line":385,"column":31}},"59":{"start":{"line":388,"column":4},"end":{"line":394,"column":5}},"60":{"start":{"line":389,"column":6},"end":{"line":392,"column":9}},"61":{"start":{"line":393,"column":6},"end":{"line":393,"column":13}},"62":{"start":{"line":396,"column":22},"end":{"line":396,"column":42}},"63":{"start":{"line":399,"column":31},"end":{"line":402,"column":6}},"64":{"start":{"line":404,"column":4},"end":{"line":410,"column":7}},"65":{"start":{"line":412,"column":4},"end":{"line":412,"column":59}},"66":{"start":{"line":413,"column":4},"end":{"line":416,"column":7}},"67":{"start":{"line":420,"column":0},"end":{"line":420,"column":22}}},"fnMap":{"0":{"name":"(anonymous_1)","decl":{"start":{"line":45,"column":33},"end":{"line":45,"column":38}},"loc":{"start":{"line":45,"column":65},"end":{"line":79,"column":1}}},"1":{"name":"(anonymous_2)","decl":{"start":{"line":125,"column":33},"end":{"line":125,"column":38}},"loc":{"start":{"line":125,"column":65},"end":{"line":158,"column":1}}},"2":{"name":"(anonymous_3)","decl":{"start":{"line":202,"column":43},"end":{"line":202,"column":48}},"loc":{"start":{"line":202,"column":75},"end":{"line":240,"column":1}}},"3":{"name":"(anonymous_4)","decl":{"start":{"line":265,"column":35},"end":{"line":265,"column":40}},"loc":{"start":{"line":265,"column":67},"end":{"line":292,"column":1}}},"4":{"name":"(anonymous_5)","decl":{"start":{"line":326,"column":36},"end":{"line":326,"column":41}},"loc":{"start":{"line":326,"column":68},"end":{"line":345,"column":1}}},"5":{"name":"(anonymous_6)","decl":{"start":{"line":383,"column":45},"end":{"line":383,"column":50}},"loc":{"start":{"line":383,"column":77},"end":{"line":418,"column":1}}}},"branchMap":{"0":{"loc":{"start":{"line":50,"column":4},"end":{"line":56,"column":5}},"type":"if","locations":[{"start":{"line":50,"column":4},"end":{"line":56,"column":5}},{"start":{},"end":{}}]},"1":{"loc":{"start":{"line":64,"column":12},"end":{"line":70,"column":null}},"type":"binary-expr","locations":[{"start":{"line":64,"column":12},"end":{"line":64,"column":20}},{"start":{"line":64,"column":24},"end":{"line":70,"column":null}}]},"2":{"loc":{"start":{"line":130,"column":4},"end":{"line":136,"column":5}},"type":"if","locations":[{"start":{"line":130,"column":4},"end":{"line":136,"column":5}},{"start":{},"end":{}}]},"3":{"loc":{"start":{"line":207,"column":4},"end":{"line":213,"column":5}},"type":"if","locations":[{"start":{"line":207,"column":4},"end":{"line":213,"column":5}},{"start":{},"end":{}}]},"4":{"loc":{"start":{"line":218,"column":4},"end":{"line":224,"column":5}},"type":"if","locations":[{"start":{"line":218,"column":4},"end":{"line":224,"column":5}},{"start":{},"end":{}}]},"5":{"loc":{"start":{"line":270,"column":4},"end":{"line":276,"column":5}},"type":"if","locations":[{"start":{"line":270,"column":4},"end":{"line":276,"column":5}},{"start":{},"end":{}}]},"6":{"loc":{"start":{"line":329,"column":18},"end":{"line":329,"column":59}},"type":"binary-expr","locations":[{"start":{"line":329,"column":18},"end":{"line":329,"column":53}},{"start":{"line":329,"column":57},"end":{"line":329,"column":59}}]},"7":{"loc":{"start":{"line":388,"column":4},"end":{"line":394,"column":5}},"type":"if","locations":[{"start":{"line":388,"column":4},"end":{"line":394,"column":5}},{"start":{},"end":{}}]},"8":{"loc":{"start":{"line":408,"column":15},"end":{"line":408,"column":28}},"type":"binary-expr","locations":[{"start":{"line":408,"column":15},"end":{"line":408,"column":20}},{"start":{"line":408,"column":24},"end":{"line":408,"column":28}}]}},"s":{"0":2,"1":2,"2":2,"3":2,"4":2,"5":4,"6":4,"7":4,"8":1,"9":1,"10":3,"11":2,"12":1,"13":1,"14":2,"15":2,"16":2,"17":2,"18":0,"19":0,"20":2,"21":2,"22":1,"23":1,"24":1,"25":2,"26":4,"27":4,"28":4,"29":0,"30":0,"31":4,"32":4,"33":1,"34":1,"35":3,"36":2,"37":1,"38":1,"39":2,"40":2,"41":2,"42":2,"43":0,"44":0,"45":2,"46":1,"47":1,"48":1,"49":2,"50":4,"51":4,"52":4,"53":3,"54":1,"55":1,"56":2,"57":3,"58":3,"59":3,"60":0,"61":0,"62":3,"63":3,"64":2,"65":1,"66":1,"67":2},"f":{"0":4,"1":2,"2":4,"3":2,"4":4,"5":3},"b":{"0":[1,3],"1":[2,1],"2":[0,2],"3":[0,4],"4":[1,3],"5":[0,2],"6":[4,3],"7":[0,3],"8":[2,1]}}
,"C:\\Users\\molch\\OneDrive\\Desktop\\Учеба\\4 курс\\ТРПО\\tab-editor\\server\\src\\services\\libraryService.ts": {"path":"C:\\Users\\molch\\OneDrive\\Desktop\\Учеба\\4 курс\\ТРПО\\tab-editor\\server\\src\\services\\libraryService.ts","statementMap":{"0":{"start":{"line":8,"column":0},"end":{"line":8,"column":33}},"1":{"start":{"line":10,"column":0},"end":{"line":10,"column":56}},"2":{"start":{"line":34,"column":19},"end":{"line":37,"column":null}},"3":{"start":{"line":40,"column":17},"end":{"line":40,"column":51}},"4":{"start":{"line":41,"column":4},"end":{"line":41,"column":17}},"5":{"start":{"line":60,"column":19},"end":{"line":63,"column":null}},"6":{"start":{"line":66,"column":17},"end":{"line":66,"column":51}},"7":{"start":{"line":67,"column":4},"end":{"line":67,"column":17}},"8":{"start":{"line":77,"column":16},"end":{"line":77,"column":77}},"9":{"start":{"line":78,"column":4},"end":{"line":78,"column":26}},"10":{"start":{"line":78,"column":14},"end":{"line":78,"column":26}},"11":{"start":{"line":79,"column":4},"end":{"line":79,"column":38}},"12":{"start":{"line":95,"column":17},"end":{"line":97,"column":null}},"13":{"start":{"line":99,"column":4},"end":{"line":99,"column":62}},"14":{"start":{"line":99,"column":34},"end":{"line":99,"column":60}},"15":{"start":{"line":118,"column":16},"end":{"line":118,"column":107}},"16":{"start":{"line":119,"column":4},"end":{"line":119,"column":17}},"17":{"start":{"line":130,"column":19},"end":{"line":130,"column":102}},"18":{"start":{"line":131,"column":4},"end":{"line":131,"column":30}},"19":{"start":{"line":149,"column":4},"end":{"line":149,"column":87}},"20":{"start":{"line":170,"column":17},"end":{"line":177,"column":null}},"21":{"start":{"line":180,"column":4},"end":{"line":195,"column":8}},"22":{"start":{"line":180,"column":30},"end":{"line":195,"column":6}},"23":{"start":{"line":208,"column":4},"end":{"line":218,"column":6}},"24":{"start":{"line":18,"column":0},"end":{"line":18,"column":13}}},"fnMap":{"0":{"name":"(anonymous_0)","decl":{"start":{"line":33,"column":2},"end":{"line":33,"column":8}},"loc":{"start":{"line":33,"column":76},"end":{"line":42,"column":3}}},"1":{"name":"(anonymous_1)","decl":{"start":{"line":59,"column":2},"end":{"line":59,"column":8}},"loc":{"start":{"line":59,"column":59},"end":{"line":68,"column":3}}},"2":{"name":"(anonymous_2)","decl":{"start":{"line":76,"column":2},"end":{"line":76,"column":8}},"loc":{"start":{"line":76,"column":34},"end":{"line":80,"column":3}}},"3":{"name":"(anonymous_3)","decl":{"start":{"line":94,"column":2},"end":{"line":94,"column":8}},"loc":{"start":{"line":94,"column":42},"end":{"line":100,"column":3}}},"4":{"name":"(anonymous_4)","decl":{"start":{"line":99,"column":20},"end":{"line":99,"column":21}},"loc":{"start":{"line":99,"column":34},"end":{"line":99,"column":60}}},"5":{"name":"(anonymous_5)","decl":{"start":{"line":117,"column":2},"end":{"line":117,"column":8}},"loc":{"start":{"line":117,"column":56},"end":{"line":120,"column":3}}},"6":{"name":"(anonymous_6)","decl":{"start":{"line":129,"column":2},"end":{"line":129,"column":8}},"loc":{"start":{"line":129,"column":62},"end":{"line":132,"column":3}}},"7":{"name":"(anonymous_7)","decl":{"start":{"line":148,"column":2},"end":{"line":148,"column":8}},"loc":{"start":{"line":148,"column":42},"end":{"line":150,"column":3}}},"8":{"name":"(anonymous_8)","decl":{"start":{"line":169,"column":2},"end":{"line":169,"column":8}},"loc":{"start":{"line":169,"column":50},"end":{"line":196,"column":3}}},"9":{"name":"(anonymous_9)","decl":{"start":{"line":180,"column":20},"end":{"line":180,"column":21}},"loc":{"start":{"line":180,"column":30},"end":{"line":195,"column":6}}},"10":{"name":"(anonymous_10)","decl":{"start":{"line":207,"column":10},"end":{"line":207,"column":16}},"loc":{"start":{"line":207,"column":42},"end":{"line":219,"column":3}}}},"branchMap":{"0":{"loc":{"start":{"line":33,"column":46},"end":{"line":33,"column":76}},"type":"default-arg","locations":[{"start":{"line":33,"column":71},"end":{"line":33,"column":76}}]},"1":{"loc":{"start":{"line":37,"column":44},"end":{"line":37,"column":65}},"type":"cond-expr","locations":[{"start":{"line":37,"column":60},"end":{"line":37,"column":61}},{"start":{"line":37,"column":64},"end":{"line":37,"column":65}}]},"2":{"loc":{"start":{"line":78,"column":4},"end":{"line":78,"column":26}},"type":"if","locations":[{"start":{"line":78,"column":4},"end":{"line":78,"column":26}},{"start":{},"end":{}}]},"3":{"loc":{"start":{"line":187,"column":23},"end":{"line":187,"column":48}},"type":"binary-expr","locations":[{"start":{"line":187,"column":23},"end":{"line":187,"column":42}},{"start":{"line":187,"column":46},"end":{"line":187,"column":48}}]},"4":{"loc":{"start":{"line":217,"column":18},"end":{"line":217,"column":71}},"type":"cond-expr","locations":[{"start":{"line":217,"column":35},"end":{"line":217,"column":59}},{"start":{"line":217,"column":62},"end":{"line":217,"column":71}}]}},"s":{"0":4,"1":4,"2":2,"3":2,"4":2,"5":1,"6":1,"7":1,"8":7,"9":7,"10":1,"11":6,"12":2,"13":2,"14":1,"15":2,"16":2,"17":2,"18":2,"19":1,"20":3,"21":3,"22":2,"23":7,"24":4},"f":{"0":2,"1":1,"2":7,"3":2,"4":1,"5":2,"6":2,"7":1,"8":3,"9":2,"10":7},"b":{"0":[0],"1":[1,1],"2":[1,6],"3":[2,2],"4":[1,6]}}
,"C:\\Users\\molch\\OneDrive\\Desktop\\Учеба\\4 курс\\ТРПО\\tab-editor\\server\\src\\services\\tabService.ts": {"path":"C:\\Users\\molch\\OneDrive\\Desktop\\Учеба\\4 курс\\ТРПО\\tab-editor\\server\\src\\services\\tabService.ts","statementMap":{"0":{"start":{"line":9,"column":0},"end":{"line":9,"column":33}},"1":{"start":{"line":11,"column":0},"end":{"line":11,"column":98}},"2":{"start":{"line":16,"column":23},"end":{"line":16,"column":53}},"3":{"start":{"line":45,"column":19},"end":{"line":45,"column":66}},"4":{"start":{"line":46,"column":21},"end":{"line":46,"column":58}},"5":{"start":{"line":47,"column":17},"end":{"line":47,"column":50}},"6":{"start":{"line":48,"column":20},"end":{"line":48,"column":59}},"7":{"start":{"line":49,"column":28},"end":{"line":49,"column":57}},"8":{"start":{"line":51,"column":19},"end":{"line":55,"column":null}},"9":{"start":{"line":58,"column":4},"end":{"line":58,"column":49}},"10":{"start":{"line":76,"column":16},"end":{"line":76,"column":74}},"11":{"start":{"line":77,"column":4},"end":{"line":77,"column":41}},"12":{"start":{"line":93,"column":17},"end":{"line":95,"column":null}},"13":{"start":{"line":97,"column":4},"end":{"line":97,"column":52}},"14":{"start":{"line":97,"column":34},"end":{"line":97,"column":50}},"15":{"start":{"line":115,"column":16},"end":{"line":120,"column":6}},"16":{"start":{"line":121,"column":26},"end":{"line":121,"column":28}},"17":{"start":{"line":124,"column":4},"end":{"line":128,"column":5}},"18":{"start":{"line":125,"column":6},"end":{"line":125,"column":58}},"19":{"start":{"line":126,"column":25},"end":{"line":126,"column":38}},"20":{"start":{"line":127,"column":6},"end":{"line":127,"column":42}},"21":{"start":{"line":130,"column":4},"end":{"line":130,"column":59}},"22":{"start":{"line":131,"column":4},"end":{"line":131,"column":31}},"23":{"start":{"line":133,"column":17},"end":{"line":133,"column":44}},"24":{"start":{"line":134,"column":4},"end":{"line":137,"column":8}},"25":{"start":{"line":134,"column":52},"end":{"line":137,"column":6}},"26":{"start":{"line":160,"column":16},"end":{"line":160,"column":39}},"27":{"start":{"line":161,"column":4},"end":{"line":161,"column":51}},"28":{"start":{"line":161,"column":39},"end":{"line":161,"column":51}},"29":{"start":{"line":163,"column":30},"end":{"line":163,"column":32}},"30":{"start":{"line":164,"column":26},"end":{"line":164,"column":28}},"31":{"start":{"line":167,"column":50},"end":{"line":184,"column":6}},"32":{"start":{"line":168,"column":21},"end":{"line":168,"column":47}},"33":{"start":{"line":168,"column":48},"end":{"line":168,"column":75}},"34":{"start":{"line":169,"column":22},"end":{"line":169,"column":49}},"35":{"start":{"line":169,"column":50},"end":{"line":169,"column":78}},"36":{"start":{"line":170,"column":22},"end":{"line":170,"column":49}},"37":{"start":{"line":170,"column":50},"end":{"line":170,"column":93}},"38":{"start":{"line":172,"column":8},"end":{"line":172,"column":37}},"39":{"start":{"line":173,"column":8},"end":{"line":173,"column":53}},"40":{"start":{"line":175,"column":8},"end":{"line":175,"column":36}},"41":{"start":{"line":176,"column":8},"end":{"line":176,"column":56}},"42":{"start":{"line":179,"column":8},"end":{"line":179,"column":44}},"43":{"start":{"line":180,"column":8},"end":{"line":180,"column":51}},"44":{"start":{"line":182,"column":24},"end":{"line":182,"column":53}},"45":{"start":{"line":182,"column":54},"end":{"line":182,"column":95}},"46":{"start":{"line":183,"column":20},"end":{"line":183,"column":45}},"47":{"start":{"line":183,"column":46},"end":{"line":183,"column":87}},"48":{"start":{"line":187,"column":4},"end":{"line":191,"column":7}},"49":{"start":{"line":188,"column":6},"end":{"line":190,"column":7}},"50":{"start":{"line":189,"column":8},"end":{"line":189,"column":25}},"51":{"start":{"line":194,"column":4},"end":{"line":194,"column":41}},"52":{"start":{"line":194,"column":30},"end":{"line":194,"column":41}},"53":{"start":{"line":197,"column":4},"end":{"line":197,"column":48}},"54":{"start":{"line":198,"column":4},"end":{"line":198,"column":28}},"55":{"start":{"line":200,"column":4},"end":{"line":200,"column":94}},"56":{"start":{"line":201,"column":4},"end":{"line":201,"column":29}},"57":{"start":{"line":220,"column":19},"end":{"line":220,"column":93}},"58":{"start":{"line":221,"column":4},"end":{"line":221,"column":30}},"59":{"start":{"line":237,"column":4},"end":{"line":237,"column":73}},"60":{"start":{"line":249,"column":4},"end":{"line":264,"column":6}},"61":{"start":{"line":24,"column":0},"end":{"line":24,"column":13}}},"fnMap":{"0":{"name":"(anonymous_0)","decl":{"start":{"line":43,"column":2},"end":{"line":43,"column":8}},"loc":{"start":{"line":43,"column":60},"end":{"line":59,"column":3}}},"1":{"name":"(anonymous_1)","decl":{"start":{"line":75,"column":2},"end":{"line":75,"column":8}},"loc":{"start":{"line":75,"column":34},"end":{"line":78,"column":3}}},"2":{"name":"(anonymous_2)","decl":{"start":{"line":92,"column":2},"end":{"line":92,"column":8}},"loc":{"start":{"line":92,"column":42},"end":{"line":98,"column":3}}},"3":{"name":"(anonymous_3)","decl":{"start":{"line":97,"column":20},"end":{"line":97,"column":21}},"loc":{"start":{"line":97,"column":34},"end":{"line":97,"column":50}}},"4":{"name":"(anonymous_4)","decl":{"start":{"line":114,"column":2},"end":{"line":114,"column":8}},"loc":{"start":{"line":114,"column":85},"end":{"line":138,"column":3}}},"5":{"name":"(anonymous_5)","decl":{"start":{"line":134,"column":20},"end":{"line":134,"column":21}},"loc":{"start":{"line":134,"column":52},"end":{"line":137,"column":6}}},"6":{"name":"(anonymous_6)","decl":{"start":{"line":158,"column":2},"end":{"line":158,"column":8}},"loc":{"start":{"line":158,"column":72},"end":{"line":202,"column":3}}},"7":{"name":"(anonymous_7)","decl":{"start":{"line":168,"column":13},"end":{"line":168,"column":16}},"loc":{"start":{"line":168,"column":18},"end":{"line":168,"column":77}}},"8":{"name":"(anonymous_8)","decl":{"start":{"line":169,"column":14},"end":{"line":169,"column":17}},"loc":{"start":{"line":169,"column":19},"end":{"line":169,"column":80}}},"9":{"name":"(anonymous_9)","decl":{"start":{"line":170,"column":14},"end":{"line":170,"column":17}},"loc":{"start":{"line":170,"column":19},"end":{"line":170,"column":95}}},"10":{"name":"(anonymous_10)","decl":{"start":{"line":171,"column":16},"end":{"line":171,"column":19}},"loc":{"start":{"line":171,"column":21},"end":{"line":177,"column":7}}},"11":{"name":"(anonymous_11)","decl":{"start":{"line":178,"column":23},"end":{"line":178,"column":26}},"loc":{"start":{"line":178,"column":28},"end":{"line":181,"column":7}}},"12":{"name":"(anonymous_12)","decl":{"start":{"line":182,"column":16},"end":{"line":182,"column":19}},"loc":{"start":{"line":182,"column":21},"end":{"line":182,"column":97}}},"13":{"name":"(anonymous_13)","decl":{"start":{"line":183,"column":12},"end":{"line":183,"column":15}},"loc":{"start":{"line":183,"column":17},"end":{"line":183,"column":89}}},"14":{"name":"(anonymous_14)","decl":{"start":{"line":187,"column":35},"end":{"line":187,"column":38}},"loc":{"start":{"line":187,"column":41},"end":{"line":191,"column":5}}},"15":{"name":"(anonymous_15)","decl":{"start":{"line":219,"column":2},"end":{"line":219,"column":8}},"loc":{"start":{"line":219,"column":48},"end":{"line":222,"column":3}}},"16":{"name":"(anonymous_16)","decl":{"start":{"line":236,"column":2},"end":{"line":236,"column":8}},"loc":{"start":{"line":236,"column":40},"end":{"line":238,"column":3}}},"17":{"name":"(anonymous_17)","decl":{"start":{"line":248,"column":10},"end":{"line":248,"column":16}},"loc":{"start":{"line":248,"column":32},"end":{"line":265,"column":3}}}},"branchMap":{"0":{"loc":{"start":{"line":45,"column":33},"end":{"line":45,"column":65}},"type":"binary-expr","locations":[{"start":{"line":45,"column":33},"end":{"line":45,"column":47}},{"start":{"line":45,"column":51},"end":{"line":45,"column":65}}]},"1":{"loc":{"start":{"line":46,"column":35},"end":{"line":46,"column":57}},"type":"binary-expr","locations":[{"start":{"line":46,"column":35},"end":{"line":46,"column":51}},{"start":{"line":46,"column":55},"end":{"line":46,"column":57}}]},"2":{"loc":{"start":{"line":47,"column":31},"end":{"line":47,"column":49}},"type":"binary-expr","locations":[{"start":{"line":47,"column":31},"end":{"line":47,"column":43}},{"start":{"line":47,"column":47},"end":{"line":47,"column":49}}]},"3":{"loc":{"start":{"line":48,"column":36},"end":{"line":48,"column":58}},"type":"binary-expr","locations":[{"start":{"line":48,"column":36},"end":{"line":48,"column":52}},{"start":{"line":48,"column":56},"end":{"line":48,"column":58}}]},"4":{"loc":{"start":{"line":49,"column":28},"end":{"line":49,"column":57}},"type":"binary-expr","locations":[{"start":{"line":49,"column":28},"end":{"line":49,"column":51}},{"start":{"line":49,"column":55},"end":{"line":49,"column":57}}]},"5":{"loc":{"start":{"line":54,"column":15},"end":{"line":54,"column":42}},"type":"binary-expr","locations":[{"start":{"line":54,"column":15},"end":{"line":54,"column":28}},{"start":{"line":54,"column":32},"end":{"line":54,"column":42}}]},"6":{"loc":{"start":{"line":54,"column":44},"end":{"line":54,"column":66}},"type":"binary-expr","locations":[{"start":{"line":54,"column":44},"end":{"line":54,"column":58}},{"start":{"line":54,"column":62},"end":{"line":54,"column":66}}]},"7":{"loc":{"start":{"line":55,"column":31},"end":{"line":55,"column":56}},"type":"binary-expr","locations":[{"start":{"line":55,"column":31},"end":{"line":55,"column":47}},{"start":{"line":55,"column":51},"end":{"line":55,"column":56}}]},"8":{"loc":{"start":{"line":77,"column":11},"end":{"line":77,"column":40}},"type":"cond-expr","locations":[{"start":{"line":77,"column":17},"end":{"line":77,"column":33}},{"start":{"line":77,"column":36},"end":{"line":77,"column":40}}]},"9":{"loc":{"start":{"line":114,"column":30},"end":{"line":114,"column":48}},"type":"default-arg","locations":[{"start":{"line":114,"column":46},"end":{"line":114,"column":48}}]},"10":{"loc":{"start":{"line":114,"column":50},"end":{"line":114,"column":68}},"type":"default-arg","locations":[{"start":{"line":114,"column":67},"end":{"line":114,"column":68}}]},"11":{"loc":{"start":{"line":124,"column":4},"end":{"line":128,"column":5}},"type":"if","locations":[{"start":{"line":124,"column":4},"end":{"line":128,"column":5}},{"start":{},"end":{}}]},"12":{"loc":{"start":{"line":161,"column":4},"end":{"line":161,"column":51}},"type":"if","locations":[{"start":{"line":161,"column":4},"end":{"line":161,"column":51}},{"start":{},"end":{}}]},"13":{"loc":{"start":{"line":161,"column":8},"end":{"line":161,"column":37}},"type":"binary-expr","locations":[{"start":{"line":161,"column":8},"end":{"line":161,"column":12}},{"start":{"line":161,"column":16},"end":{"line":161,"column":37}}]},"14":{"loc":{"start":{"line":180,"column":20},"end":{"line":180,"column":49}},"type":"binary-expr","locations":[{"start":{"line":180,"column":20},"end":{"line":180,"column":43}},{"start":{"line":180,"column":47},"end":{"line":180,"column":49}}]},"15":{"loc":{"start":{"line":188,"column":6},"end":{"line":190,"column":7}},"type":"if","locations":[{"start":{"line":188,"column":6},"end":{"line":190,"column":7}},{"start":{},"end":{}}]},"16":{"loc":{"start":{"line":194,"column":4},"end":{"line":194,"column":41}},"type":"if","locations":[{"start":{"line":194,"column":4},"end":{"line":194,"column":41}},{"start":{},"end":{}}]},"17":{"loc":{"start":{"line":256,"column":23},"end":{"line":256,"column":48}},"type":"binary-expr","locations":[{"start":{"line":256,"column":23},"e
[...]
n":46}},{"start":{"line":69,"column":50},"end":{"line":69,"column":54}}]},"2":{"loc":{"start":{"line":70,"column":19},"end":{"line":70,"column":42}},"type":"binary-expr","locations":[{"start":{"line":70,"column":19},"end":{"line":70,"column":37}},{"start":{"line":70,"column":41},"end":{"line":70,"column":42}}]},"3":{"loc":{"start":{"line":105,"column":30},"end":{"line":105,"column":89}},"type":"binary-expr","locations":[{"start":{"line":105,"column":30},"end":{"line":105,"column":52}},{"start":{"line":105,"column":56},"end":{"line":105,"column":83}},{"start":{"line":105,"column":87},"end":{"line":105,"column":89}}]},"4":{"loc":{"start":{"line":106,"column":29},"end":{"line":106,"column":55}},"type":"binary-expr","locations":[{"start":{"line":106,"column":29},"end":{"line":106,"column":49}},{"start":{"line":106,"column":53},"end":{"line":106,"column":55}}]},"5":{"loc":{"start":{"line":106,"column":62},"end":{"line":106,"column":83}},"type":"binary-expr","locations":[{"start":{"line":106,"column":62},"end":{"line":106,"column":77}},{"start":{"line":106,"column":81},"end":{"line":106,"column":83}}]},"6":{"loc":{"start":{"line":109,"column":4},"end":{"line":140,"column":5}},"type":"if","locations":[{"start":{"line":109,"column":4},"end":{"line":140,"column":5}},{"start":{"line":127,"column":11},"end":{"line":140,"column":5}}]},"7":{"loc":{"start":{"line":121,"column":10},"end":{"line":121,"column":51}},"type":"binary-expr","locations":[{"start":{"line":121,"column":10},"end":{"line":121,"column":23}},{"start":{"line":121,"column":27},"end":{"line":121,"column":51}}]},"8":{"loc":{"start":{"line":135,"column":10},"end":{"line":135,"column":51}},"type":"binary-expr","locations":[{"start":{"line":135,"column":10},"end":{"line":135,"column":23}},{"start":{"line":135,"column":27},"end":{"line":135,"column":51}}]},"9":{"loc":{"start":{"line":145,"column":16},"end":{"line":145,"column":57}},"type":"binary-expr","locations":[{"start":{"line":145,"column":16},"end":{"line":145,"column":29}},{"start":{"line":145,"column":33},"end":{"line":145,"column":57}}]},"10":{"loc":{"start":{"line":176,"column":30},"end":{"line":176,"column":63}},"type":"binary-expr","locations":[{"start":{"line":176,"column":30},"end":{"line":176,"column":57}},{"start":{"line":176,"column":61},"end":{"line":176,"column":63}}]},"11":{"loc":{"start":{"line":179,"column":4},"end":{"line":181,"column":5}},"type":"if","locations":[{"start":{"line":179,"column":4},"end":{"line":181,"column":5}},{"start":{},"end":{}}]},"12":{"loc":{"start":{"line":183,"column":29},"end":{"line":183,"column":55}},"type":"binary-expr","locations":[{"start":{"line":183,"column":29},"end":{"line":183,"column":49}},{"start":{"line":183,"column":53},"end":{"line":183,"column":55}}]},"13":{"loc":{"start":{"line":184,"column":4},"end":{"line":186,"column":5}},"type":"if","locations":[{"start":{"line":184,"column":4},"end":{"line":186,"column":5}},{"start":{},"end":{}}]},"14":{"loc":{"start":{"line":220,"column":33},"end":{"line":220,"column":59}},"type":"binary-expr","locations":[{"start":{"line":220,"column":33},"end":{"line":220,"column":53}},{"start":{"line":220,"column":57},"end":{"line":220,"column":59}}]},"15":{"loc":{"start":{"line":221,"column":25},"end":{"line":223,"column":9}},"type":"cond-expr","locations":[{"start":{"line":222,"column":8},"end":{"line":222,"column":57}},{"start":{"line":223,"column":8},"end":{"line":223,"column":9}}]},"16":{"loc":{"start":{"line":226,"column":30},"end":{"line":226,"column":69}},"type":"binary-expr","locations":[{"start":{"line":226,"column":30},"end":{"line":226,"column":64}},{"start":{"line":226,"column":68},"end":{"line":226,"column":69}}]},"17":{"loc":{"start":{"line":227,"column":19},"end":{"line":227,"column":45}},"type":"binary-expr","locations":[{"start":{"line":227,"column":19},"end":{"line":227,"column":40}},{"start":{"line":227,"column":44},"end":{"line":227,"column":45}}]},"18":{"loc":{"start":{"line":229,"column":18},"end":{"line":229,"column":44}},"type":"binary-expr","locations":[{"start":{"line":229,"column":18},"end":{"line":229,"column":36}},{"start":{"line":229,"column":40},"end":{"line":229,"column":44}}]},"19":{"loc":{"start":{"line":247,"column":11},"end":{"line":247,"column":44}},"type":"binary-expr","locations":[{"start":{"line":247,"column":11},"end":{"line":247,"column":38}},{"start":{"line":247,"column":42},"end":{"line":247,"column":44}}]},"20":{"loc":{"start":{"line":267,"column":11},"end":{"line":267,"column":67}},"type":"binary-expr","locations":[{"start":{"line":267,"column":11},"end":{"line":267,"column":58}},{"start":{"line":267,"column":62},"end":{"line":267,"column":67}}]},"21":{"loc":{"start":{"line":285,"column":11},"end":{"line":285,"column":37}},"type":"binary-expr","locations":[{"start":{"line":285,"column":11},"end":{"line":285,"column":32}},{"start":{"line":285,"column":36},"end":{"line":285,"column":37}}]},"22":{"loc":{"start":{"line":305,"column":11},"end":{"line":305,"column":50}},"type":"binary-expr","locations":[{"start":{"line":305,"column":11},"end":{"line":305,"column":42}},{"start":{"line":305,"column":46},"end":{"line":305,"column":50}}]},"23":{"loc":{"start":{"line":323,"column":30},"end":{"line":323,"column":48}},"type":"default-arg","locations":[{"start":{"line":323,"column":46},"end":{"line":323,"column":48}}]}},"s":{"0":3,"1":27,"2":27,"3":9,"4":18,"5":8,"6":8,"7":8,"8":8,"9":9,"10":8,"11":6,"12":2,"13":8,"14":4,"15":4,"16":4,"17":2,"18":4,"19":4,"20":3,"21":4,"22":3,"23":3,"24":3,"25":4,"26":3,"27":2,"28":2,"29":3,"30":3,"31":2,"32":2,"33":3,"34":3,"35":3,"36":3,"37":2,"38":1,"39":3},"f":{"0":27,"1":8,"2":9,"3":4,"4":3,"5":4,"6":2,"7":3,"8":2,"9":3,"10":3,"11":2,"12":1},"b":{"0":[9,18],"1":[18,0],"2":[18,2],"3":[8,2,0],"4":[8,2],"5":[8,2],"6":[6,2],"7":[6,2],"8":[2,1],"9":[8,3],"10":[4,1],"11":[2,2],"12":[4,1],"13":[3,1],"14":[3,1],"15":[2,1],"16":[3,1],"17":[3,1],"18":[3,1],"19":[2,1],"20":[3,2],"21":[2,1],"22":[3,2],"23":[1]}}
,"C:\\Users\\molch\\OneDrive\\Desktop\\Учеба\\4 курс\\ТРПО\\tab-editor\\server\\src\\services\\userService.ts": {"path":"C:\\Users\\molch\\OneDrive\\Desktop\\Учеба\\4 курс\\ТРПО\\tab-editor\\server\\src\\services\\userService.ts","statementMap":{"0":{"start":{"line":9,"column":0},"end":{"line":9,"column":30}},"1":{"start":{"line":10,"column":0},"end":{"line":10,"column":33}},"2":{"start":{"line":12,"column":0},"end":{"line":12,"column":45}},"3":{"start":{"line":48,"column":25},"end":{"line":48,"column":70}},"4":{"start":{"line":50,"column":19},"end":{"line":53,"column":null}},"5":{"start":{"line":56,"column":17},"end":{"line":56,"column":51}},"6":{"start":{"line":57,"column":4},"end":{"line":57,"column":56}},"7":{"start":{"line":57,"column":15},"end":{"line":57,"column":56}},"8":{"start":{"line":59,"column":4},"end":{"line":59,"column":16}},"9":{"start":{"line":77,"column":16},"end":{"line":77,"column":81}},"10":{"start":{"line":78,"column":4},"end":{"line":78,"column":26}},"11":{"start":{"line":78,"column":14},"end":{"line":78,"column":26}},"12":{"start":{"line":79,"column":4},"end":{"line":79,"column":29}},"13":{"start":{"line":97,"column":16},"end":{"line":97,"column":87}},"14":{"start":{"line":98,"column":4},"end":{"line":98,"column":26}},"15":{"start":{"line":98,"column":14},"end":{"line":98,"column":26}},"16":{"start":{"line":99,"column":4},"end":{"line":99,"column":29}},"17":{"start":{"line":117,"column":17},"end":{"line":117,"column":76}},"18":{"start":{"line":118,"column":4},"end":{"line":118,"column":27}},"19":{"start":{"line":118,"column":15},"end":{"line":118,"column":27}},"20":{"start":{"line":119,"column":4},"end":{"line":119,"column":30}},"21":{"start":{"line":136,"column":4},"end":{"line":136,"column":84}},"22":{"start":{"line":159,"column":4},"end":{"line":159,"column":55}},"23":{"start":{"line":172,"column":4},"end":{"line":180,"column":6}},"24":{"start":{"line":20,"column":0},"end":{"line":20,"column":13}},"25":{"start":{"line":27,"column":26},"end":{"line":27,"column":43}}},"fnMap":{"0":{"name":"(anonymous_1)","decl":{"start":{"line":46,"column":2},"end":{"line":46,"column":8}},"loc":{"start":{"line":46,"column":71},"end":{"line":60,"column":3}}},"1":{"name":"(anonymous_2)","decl":{"start":{"line":76,"column":2},"end":{"line":76,"column":8}},"loc":{"start":{"line":76,"column":40},"end":{"line":80,"column":3}}},"2":{"name":"(anonymous_3)","decl":{"start":{"line":96,"column":2},"end":{"line":96,"column":8}},"loc":{"start":{"line":96,"column":46},"end":{"line":100,"column":3}}},"3":{"name":"(anonymous_4)","decl":{"start":{"line":116,"column":2},"end":{"line":116,"column":8}},"loc":{"start":{"line":116,"column":34},"end":{"line":120,"column":3}}},"4":{"name":"(anonymous_5)","decl":{"start":{"line":135,"column":2},"end":{"line":135,"column":8}},"loc":{"start":{"line":135,"column":41},"end":{"line":137,"column":3}}},"5":{"name":"(anonymous_6)","decl":{"start":{"line":158,"column":2},"end":{"line":158,"column":8}},"loc":{"start":{"line":158,"column":60},"end":{"line":160,"column":3}}},"6":{"name":"(anonymous_7)","decl":{"start":{"line":171,"column":10},"end":{"line":171,"column":16}},"loc":{"start":{"line":171,"column":33},"end":{"line":181,"column":3}}}},"branchMap":{"0":{"loc":{"start":{"line":57,"column":4},"end":{"line":57,"column":56}},"type":"if","locations":[{"start":{"line":57,"column":4},"end":{"line":57,"column":56}},{"start":{},"end":{}}]},"1":{"loc":{"start":{"line":78,"column":4},"end":{"line":78,"column":26}},"type":"if","locations":[{"start":{"line":78,"column":4},"end":{"line":78,"column":26}},{"start":{},"end":{}}]},"2":{"loc":{"start":{"line":98,"column":4},"end":{"line":98,"column":26}},"type":"if","locations":[{"start":{"line":98,"column":4},"end":{"line":98,"column":26}},{"start":{},"end":{}}]},"3":{"loc":{"start":{"line":118,"column":4},"end":{"line":118,"column":27}},"type":"if","locations":[{"start":{"line":118,"column":4},"end":{"line":118,"column":27}},{"start":{},"end":{}}]},"4":{"loc":{"start":{"line":178,"column":17},"end":{"line":178,"column":68}},"type":"cond-expr","locations":[{"start":{"line":178,"column":33},"end":{"line":178,"column":56}},{"start":{"line":178,"column":59},"end":{"line":178,"column":68}}]}},"s":{"0":4,"1":4,"2":4,"3":2,"4":2,"5":2,"6":2,"7":1,"8":1,"9":2,"10":2,"11":1,"12":1,"13":2,"14":2,"15":1,"16":1,"17":7,"18":7,"19":2,"20":5,"21":1,"22":2,"23":7,"24":4,"25":4},"f":{"0":2,"1":2,"2":2,"3":7,"4":1,"5":2,"6":7},"b":{"0":[1,1],"1":[1,1],"2":[1,1],"3":[2,5],"4":[1,6]}}
,"C:\\Users\\molch\\OneDrive\\Desktop\\Учеба\\4 курс\\ТРПО\\tab-editor\\server\\src\\types\\index.ts": {"path":"C:\\Users\\molch\\OneDrive\\Desktop\\Учеба\\4 курс\\ТРПО\\tab-editor\\server\\src\\types\\index.ts","statementMap":{"0":{"start":{"line":86,"column":4},"end":{"line":86,"column":44}},"1":{"start":{"line":90,"column":4},"end":{"line":90,"column":37}},"2":{"start":{"line":84,"column":0},"end":{"line":84,"column":13}},"3":{"start":{"line":94,"column":13},"end":{"line":102,"column":11}}},"fnMap":{"0":{"name":"(anonymous_0)","decl":{"start":{"line":85,"column":2},"end":{"line":85,"column":8}},"loc":{"start":{"line":85,"column":45},"end":{"line":87,"column":3}}},"1":{"name":"(anonymous_1)","decl":{"start":{"line":89,"column":2},"end":{"line":89,"column":8}},"loc":{"start":{"line":89,"column":28},"end":{"line":91,"column":3}}}},"branchMap":{},"s":{"0":4,"1":2,"2":1,"3":1},"f":{"0":4,"1":2},"b":{}}
,"C:\\Users\\molch\\OneDrive\\Desktop\\Учеба\\4 курс\\ТРПО\\tab-editor\\server\\src\\utils\\helpers.ts": {"path":"C:\\Users\\molch\\OneDrive\\Desktop\\Учеба\\4 курс\\ТРПО\\tab-editor\\server\\src\\utils\\helpers.ts","statementMap":{"0":{"start":{"line":25,"column":25},"end":{"line":32,"column":1}},"1":{"start":{"line":26,"column":2},"end":{"line":26,"column":33}},"2":{"start":{"line":26,"column":13},"end":{"line":26,"column":33}},"3":{"start":{"line":27,"column":2},"end":{"line":31,"column":3}},"4":{"start":{"line":28,"column":4},"end":{"line":28,"column":28}},"5":{"start":{"line":30,"column":4},"end":{"line":30,"column":24}},"6":{"start":{"line":25,"column":13},"end":{"line":25,"column":25}},"7":{"start":{"line":47,"column":29},"end":{"line":49,"column":1}},"8":{"start":{"line":48,"column":2},"end":{"line":48,"column":30}},"9":{"start":{"line":47,"column":13},"end":{"line":47,"column":29}},"10":{"start":{"line":71,"column":31},"end":{"line":83,"column":1}},"11":{"start":{"line":72,"column":2},"end":{"line":72,"column":42}},"12":{"start":{"line":72,"column":29},"end":{"line":72,"column":42}},"13":{"start":{"line":73,"column":23},"end":{"line":73,"column":34}},"14":{"start":{"line":74,"column":2},"end":{"line":74,"column":51}},"15":{"start":{"line":74,"column":38},"end":{"line":74,"column":51}},"16":{"start":{"line":76,"column":22},"end":{"line":76,"column":45}},"17":{"start":{"line":77,"column":2},"end":{"line":77,"column":48}},"18":{"start":{"line":77,"column":35},"end":{"line":77,"column":48}},"19":{"start":{"line":79,"column":2},"end":{"line":82,"column":15}},"20":{"start":{"line":81,"column":24},"end":{"line":81,"column":60}},"21":{"start":{"line":71,"column":13},"end":{"line":71,"column":31}},"22":{"start":{"line":97,"column":25},"end":{"line":97,"column":64}},"23":{"start":{"line":97,"column":53},"end":{"line":97,"column":64}},"24":{"start":{"line":97,"column":13},"end":{"line":97,"column":25}},"25":{"start":{"line":111,"column":24},"end":{"line":111,"column":65}},"26":{"start":{"line":111,"column":52},"end":{"line":111,"column":65}},"27":{"start":{"line":111,"column":13},"end":{"line":111,"column":24}}},"fnMap":{"0":{"name":"(anonymous_0)","decl":{"start":{"line":25,"column":25},"end":{"line":25,"column":29}},"loc":{"start":{"line":25,"column":72},"end":{"line":32,"column":1}}},"1":{"name":"(anonymous_1)","decl":{"start":{"line":47,"column":29},"end":{"line":47,"column":33}},"loc":{"start":{"line":47,"column":52},"end":{"line":49,"column":1}}},"2":{"name":"(anonymous_2)","decl":{"start":{"line":71,"column":31},"end":{"line":71,"column":32}},"loc":{"start":{"line":71,"column":59},"end":{"line":83,"column":1}}},"3":{"name":"(anonymous_3)","decl":{"start":{"line":81,"column":9},"end":{"line":81,"column":10}},"loc":{"start":{"line":81,"column":24},"end":{"line":81,"column":60}}},"4":{"name":"(anonymous_4)","decl":{"start":{"line":97,"column":25},"end":{"line":97,"column":26}},"loc":{"start":{"line":97,"column":53},"end":{"line":97,"column":64}}},"5":{"name":"(anonymous_5)","decl":{"start":{"line":111,"column":24},"end":{"line":111,"column":25}},"loc":{"start":{"line":111,"column":52},"end":{"line":111,"column":65}}}},"branchMap":{"0":{"loc":{"start":{"line":26,"column":2},"end":{"line":26,"column":33}},"type":"if","locations":[{"start":{"line":26,"column":2},"end":{"line":26,"column":33}},{"start":{},"end":{}}]},"1":{"loc":{"start":{"line":72,"column":2},"end":{"line":72,"column":42}},"type":"if","locations":[{"start":{"line":72,"column":2},"end":{"line":72,"column":42}},{"start":{},"end":{}}]},"2":{"loc":{"start":{"line":74,"column":2},"end":{"line":74,"column":51}},"type":"if","locations":[{"start":{"line":74,"column":2},"end":{"line":74,"column":51}},{"start":{},"end":{}}]},"3":{"loc":{"start":{"line":77,"column":2},"end":{"line":77,"column":48}},"type":"if","locations":[{"start":{"line":77,"column":2},"end":{"line":77,"column":48}},{"start":{},"end":{}}]},"4":{"loc":{"start":{"line":81,"column":24},"end":{"line":81,"column":60}},"type":"cond-expr","locations":[{"start":{"line":81,"column":45},"end":{"line":81,"column":54}},{"start":{"line":81,"column":57},"end":{"line":81,"column":60}}]},"5":{"loc":{"start":{"line":111,"column":52},"end":{"line":111,"column":65}},"type":"cond-expr","locations":[{"start":{"line":111,"column":60},"end":{"line":111,"column":61}},{"start":{"line":111,"column":64},"end":{"line":111,"column":65}}]}},"s":{"0":13,"1":57,"2":8,"3":49,"4":49,"5":1,"6":13,"7":13,"8":9,"9":13,"10":13,"11":7,"12":3,"13":4,"14":4,"15":1,"16":3,"17":3,"18":1,"19":2,"20":11,"21":13,"22":13,"23":24,"24":13,"25":13,"26":5,"27":13},"f":{"0":57,"1":9,"2":7,"3":11,"4":24,"5":5},"b":{"0":[8,49],"1":[3,4],"2":[1,3],"3":[1,2],"4":[9,2],"5":[2,3]}}
,"C:\\Users\\molch\\OneDrive\\Desktop\\Учеба\\4 курс\\ТРПО\\tab-editor\\server\\src\\utils\\jwt.ts": {"path":"C:\\Users\\molch\\OneDrive\\Desktop\\Учеба\\4 курс\\ТРПО\\tab-editor\\server\\src\\utils\\jwt.ts","statementMap":{"0":{"start":{"line":8,"column":0},"end":{"line":8,"column":31}},"1":{"start":{"line":9,"column":0},"end":{"line":9,"column":35}},"2":{"start":{"line":24,"column":29},"end":{"line":28,"column":1}},"3":{"start":{"line":25,"column":2},"end":{"line":27,"column":5}},"4":{"start":{"line":24,"column":13},"end":{"line":24,"column":29}},"5":{"start":{"line":48,"column":27},"end":{"line":50,"column":1}},"6":{"start":{"line":49,"column":2},"end":{"line":49,"column":60}},"7":{"start":{"line":48,"column":13},"end":{"line":48,"column":27}}},"fnMap":{"0":{"name":"(anonymous_1)","decl":{"start":{"line":24,"column":29},"end":{"line":24,"column":30}},"loc":{"start":{"line":24,"column":56},"end":{"line":28,"column":1}}},"1":{"name":"(anonymous_2)","decl":{"start":{"line":48,"column":27},"end":{"line":48,"column":28}},"loc":{"start":{"line":48,"column":57},"end":{"line":50,"column":1}}}},"branchMap":{},"s":{"0":3,"1":3,"2":3,"3":1,"4":3,"5":3,"6":2,"7":3},"f":{"0":1,"1":2},"b":{}}
,"C:\\Users\\molch\\OneDrive\\Desktop\\Учеба\\4 курс\\ТРПО\\tab-editor\\server\\src\\utils\\validation.ts": {"path":"C:\\Users\\molch\\OneDrive\\Desktop\\Учеба\\4 курс\\ТРПО\\tab-editor\\server\\src\\utils\\validation.ts","statementMap":{"0":{"start":{"line":15,"column":13},"end":{"line":71,"column":2}},"1":{"start":{"line":28,"column":37},"end":{"line":28,"column":77}},"2":{"start":{"line":42,"column":43},"end":{"line":42,"column":63}},"3":{"start":{"line":56,"column":43},"end":{"line":56,"column":88}},"4":{"start":{"line":70,"column":37},"end":{"line":70,"column":77}},"5":{"start":{"line":79,"column":13},"end":{"line":84,"column":11}},"6":{"start":{"line":120,"column":35},"end":{"line":129,"column":1}},"7":{"start":{"line":124,"column":18},"end":{"line":124,"column":49}},"8":{"start":{"line":125,"column":2},"end":{"line":128,"column":4}},"9":{"start":{"line":120,"column":13},"end":{"line":120,"column":35}}},"fnMap":{"0":{"name":"(anonymous_0)","decl":{"start":{"line":28,"column":9},"end":{"line":28,"column":10}},"loc":{"start":{"line":28,"column":37},"end":{"line":28,"column":77}}},"1":{"name":"(anonymous_1)","decl":{"start":{"line":42,"column":12},"end":{"line":42,"column":13}},"loc":{"start":{"line":42,"column":43},"end":{"line":42,"column":63}}},"2":{"name":"(anonymous_2)","decl":{"start":{"line":56,"column":12},"end":{"line":56,"column":13}},"loc":{"start":{"line":56,"column":43},"end":{"line":56,"column":88}}},"3":{"name":"(anonymous_3)","decl":{"start":{"line":70,"column":9},"end":{"line":70,"column":10}},"loc":{"start":{"line":70,"column":37},"end":{"line":70,"column":77}}},"4":{"name":"(anonymous_4)","decl":{"start":{"line":120,"column":35},"end":{"line":120,"column":null}},"loc":{"start":{"line":123,"column":22},"end":{"line":129,"column":1}}}},"branchMap":{"0":{"loc":{"start":{"line":56,"column":43},"end":{"line":56,"column":88}},"type":"binary-expr","locations":[{"start":{"line":56,"column":43},"end":{"line":56,"column":63}},{"start":{"line":56,"column":67},"end":{"line":56,"column":88}}]},"1":{"loc":{"start":{"line":70,"column":37},"end":{"line":70,"column":77}},"type":"binary-expr","locations":[{"start":{"line":70,"column":37},"end":{"line":70,"column":54}},{"start":{"line":70,"column":58},"end":{"line":70,"column":77}}]},"2":{"loc":{"start":{"line":127,"column":11},"end":{"line":127,"column":65}},"type":"cond-expr","locations":[{"start":{"line":127,"column":21},"end":{"line":127,"column":30}},{"start":{"line":127,"column":33},"end":{"line":127,"column":65}}]}},"s":{"0":3,"1":12,"2":7,"3":8,"4":5,"5":3,"6":3,"7":5,"8":5,"9":3},"f":{"0":12,"1":7,"2":8,"3":5,"4":5},"b":{"0":[8,6],"1":[5,3],"2":[1,4]}}
}
