TN:
SF:src\config\index.ts
FNF:0
FNH:0
DA:9,15
DA:12,15
DA:19,15
LF:3
LH:3
BRDA:21,0,0,15
BRDA:21,0,1,1
BRDA:26,1,0,15
BRDA:26,1,1,0
BRDA:28,2,0,15
BRDA:28,2,1,0
BRDA:32,3,0,15
BRDA:32,3,1,0
BRF:8
BRH:5
end_of_record
TN:
SF:src\database\index.ts
FN:25,(anonymous_1)
FN:35,(anonymous_2)
FN:47,(anonymous_3)
FN:59,(anonymous_4)
FN:69,(anonymous_5)
FN:89,(anonymous_6)
FN:91,(anonymous_7)
FN:92,(anonymous_8)
FN:112,(anonymous_9)
FN:114,(anonymous_10)
FN:115,(anonymous_11)
FN:135,(anonymous_12)
FN:137,(anonymous_13)
FN:138,(anonymous_14)
FN:162,(anonymous_15)
FN:180,(anonymous_16)
FN:268,(anonymous_17)
FNF:17
FNH:16
FNDA:8,(anonymous_1)
FNDA:8,(anonymous_2)
FNDA:8,(anonymous_3)
FNDA:7,(anonymous_4)
FNDA:100,(anonymous_5)
FNDA:87,(anonymous_6)
FNDA:87,(anonymous_7)
FNDA:87,(anonymous_8)
FNDA:2,(anonymous_9)
FNDA:2,(anonymous_10)
FNDA:2,(anonymous_11)
FNDA:3,(anonymous_12)
FNDA:3,(anonymous_13)
FNDA:3,(anonymous_14)
FNDA:2,(anonymous_15)
FNDA:7,(anonymous_16)
FNDA:0,(anonymous_17)
DA:10,1
DA:11,1
DA:12,1
DA:22,8
DA:26,8
DA:27,8
DA:36,8
DA:37,8
DA:39,8
DA:48,8
DA:49,0
DA:60,7
DA:70,100
DA:71,7
DA:73,100
DA:90,87
DA:91,87
DA:92,87
DA:93,87
DA:94,87
DA:113,2
DA:114,2
DA:115,2
DA:116,2
DA:117,2
DA:136,3
DA:137,3
DA:138,3
DA:139,3
DA:140,3
DA:163,2
DA:164,2
DA:165,2
DA:166,1
DA:167,1
DA:169,1
DA:170,1
DA:181,7
DA:234,7
DA:245,7
DA:246,28
DA:250,7
DA:251,49
DA:256,1
DA:261,1
DA:263,1
DA:268,1
LF:47
LH:46
BRDA:36,0,0,8
BRDA:36,0,1,0
BRDA:48,1,0,0
BRDA:48,1,1,8
BRDA:70,2,0,7
BRDA:70,2,1,93
BRDA:89,3,0,81
BRDA:93,4,0,0
BRDA:93,4,1,87
BRDA:112,5,0,2
BRDA:116,6,0,0
BRDA:116,6,1,2
BRDA:135,7,0,0
BRDA:139,8,0,0
BRDA:139,8,1,3
BRDA:140,9,0,3
BRDA:140,9,1,1
BRF:17
BRH:11
end_of_record
TN:
SF:src\middleware\auth.ts
FN:36,(anonymous_0)
FNF:1
FNH:1
FNDA:6,(anonymous_0)
DA:10,1
DA:12,1
DA:36,1
DA:41,6
DA:44,6
DA:45,2
DA:49,2
DA:52,4
DA:54,4
DA:55,1
DA:59,1
DA:62,3
DA:64,3
DA:67,2
DA:69,2
DA:70,1
DA:74,1
DA:78,1
DA:79,1
DA:82,1
LF:20
LH:20
BRDA:44,0,0,2
BRDA:44,0,1,4
BRDA:54,1,0,1
BRDA:54,1,1,3
BRDA:69,2,0,1
BRDA:69,2,1,1
BRF:6
BRH:6
end_of_record
TN:
SF:src\middleware\errorHandler.ts
FN:24,(anonymous_0)
FN:57,(anonymous_1)
FNF:2
FNH:2
FNDA:2,(anonymous_0)
FNDA:1,(anonymous_1)
DA:10,1
DA:24,1
DA:30,2
DA:33,2
DA:37,2
DA:57,1
DA:58,1
LF:7
LH:7
BRDA:33,0,0,1
BRDA:33,0,1,1
BRF:2
BRH:2
end_of_record
TN:
SF:src\middleware\logger.ts
FN:38,(anonymous_0)
FN:42,(anonymous_1)
FN:62,(anonymous_2)
FN:71,(anonymous_3)
FN:76,(anonymous_4)
FNF:5
FNH:5
FNDA:3,(anonymous_0)
FNDA:2,(anonymous_1)
FNDA:8,(anonymous_2)
FNDA:2,(anonymous_3)
FNDA:6,(anonymous_4)
DA:38,1
DA:39,3
DA:42,3
DA:43,2
DA:44,2
DA:45,2
DA:49,3
DA:62,1
DA:63,8
DA:64,8
DA:65,8
DA:67,8
DA:68,8
DA:71,8
DA:72,2
DA:73,2
DA:76,8
DA:77,6
DA:78,6
DA:79,6
DA:85,8
LF:21
LH:21
BRDA:64,0,0,8
BRDA:64,0,1,8
BRDA:65,1,0,8
BRDA:65,1,1,1
BRF:4
BRH:4
end_of_record
TN:
SF:src\middleware\validation.ts
FN:53,(anonymous_0)
FN:54,(anonymous_1)
FN:133,(anonymous_2)
FN:134,(anonymous_3)
FNF:4
FNH:4
FNDA:6,(anonymous_0)
FNDA:7,(anonymous_1)
FNDA:3,(anonymous_2)
FNDA:3,(anonymous_3)
DA:9,2
DA:53,2
DA:54,6
DA:55,7
DA:57,7
DA:58,14
DA:61,14
DA:62,1
DA:63,1
DA:67,13
DA:68,1
DA:72,12
DA:73,2
DA:74,1
DA:75,1
DA:80,11
DA:81,0
DA:82,0
DA:83,0
DA:88,11
DA:89,8
DA:90,1
DA:91,1
DA:92,1
DA:97,10
DA:98,0
DA:99,0
DA:100,0
DA:101,0
DA:104,0
DA:109,7
DA:110,3
DA:115,3
DA:118,4
DA:133,2
DA:134,3
DA:135,3
DA:137,3
DA:138,5
DA:139,5
DA:141,4
DA:148,3
LF:42
LH:34
BRDA:61,0,0,1
BRDA:61,0,1,13
BRDA:61,1,0,14
BRDA:61,1,1,13
BRDA:61,1,2,12
BRDA:61,1,3,12
BRDA:67,2,0,1
BRDA:67,2,1,12
BRDA:67,3,0,13
BRDA:67,3,1,12
BRDA:72,4,0,2
BRDA:72,4,1,10
BRDA:72,5,0,12
BRDA:72,5,1,2
BRDA:73,6,0,1
BRDA:73,6,1,1
BRDA:80,7,0,0
BRDA:80,7,1,11
BRDA:80,8,0,11
BRDA:80,8,1,0
BRDA:81,9,0,0
BRDA:81,9,1,0
BRDA:88,10,0,8
BRDA:88,10,1,3
BRDA:88,11,0,11
BRDA:88,11,1,8
BRDA:89,12,0,1
BRDA:89,12,1,7
BRDA:91,13,0,1
BRDA:91,13,1,0
BRDA:97,14,0,0
BRDA:97,14,1,10
BRDA:100,15,0,0
BRDA:100,15,1,0
BRDA:101,16,0,0
BRDA:101,16,1,0
BRDA:109,17,0,3
BRDA:109,17,1,4
BRDA:135,18,0,3
BRDA:135,18,1,1
BRDA:139,19,0,4
BRDA:139,19,1,1
BRF:42
BRH:32
end_of_record
TN:
SF:src\models\Library.ts
FNF:0
FNH:0
DA:8,3
DA:34,3
LF:2
LH:2
BRF:0
BRH:0
end_of_record
TN:
SF:src\models\Tab.ts
FNF:0
FNH:0
DA:8,3
DA:34,3
LF:2
LH:2
BRF:0
BRH:0
end_of_record
TN:
SF:src\models\TheoryProgressModel.ts
FNF:0
FNH:0
DA:8,2
DA:34,2
LF:2
LH:2
BRF:0
BRH:0
end_of_record
TN:
SF:src\models\User.ts
FNF:0
FNH:0
DA:8,3
DA:37,3
LF:2
LH:2
BRF:0
BRH:0
end_of_record
TN:
SF:src\routes\auth.ts
FN:79,(anonymous_1)
FN:165,(anonymous_2)
FN:232,(anonymous_3)
FNF:3
FNH:3
FNDA:2,(anonymous_1)
FNDA:2,(anonymous_2)
FNDA:1,(anonymous_3)
DA:8,1
DA:9,1
DA:10,1
DA:11,1
DA:13,1
DA:15,1
DA:21,1
DA:79,1
DA:80,2
DA:83,2
DA:88,2
DA:89,1
DA:93,1
DA:96,1
DA:97,0
DA:101,0
DA:105,1
DA:106,1
DA:108,1
DA:165,1
DA:166,2
DA:169,2
DA:170,0
DA:174,0
DA:178,2
DA:179,2
DA:180,1
DA:184,1
DA:188,1
DA:189,1
DA:191,1
DA:232,1
DA:233,1
DA:234,0
DA:238,0
DA:241,1
DA:253,1
LF:37
LH:31
BRDA:88,0,0,1
BRDA:88,0,1,1
BRDA:96,1,0,0
BRDA:96,1,1,1
BRDA:169,2,0,0
BRDA:169,2,1,2
BRDA:169,3,0,2
BRDA:169,3,1,2
BRDA:179,4,0,1
BRDA:179,4,1,1
BRDA:179,5,0,2
BRDA:179,5,1,1
BRDA:233,6,0,0
BRDA:233,6,1,1
BRF:14
BRH:11
end_of_record
TN:
SF:src\routes\publicTabs.ts
FN:71,(anonymous_1)
FN:85,(anonymous_2)
FN:89,(anonymous_3)
FN:142,(anonymous_4)
FN:208,(anonymous_5)
FN:290,(anonymous_6)
FN:359,(anonymous_7)
FN:414,(anonymous_8)
FNF:8
FNH:7
FNDA:3,(anonymous_1)
FNDA:0,(anonymous_2)
FNDA:2,(anonymous_3)
FNDA:4,(anonymous_4)
FNDA:5,(anonymous_5)
FNDA:3,(anonymous_6)
FNDA:3,(anonymous_7)
FNDA:4,(anonymous_8)
DA:8,1
DA:9,1
DA:10,1
DA:11,1
DA:14,1
DA:71,1
DA:72,3
DA:74,3
DA:75,3
DA:76,3
DA:79,3
DA:82,2
DA:83,2
DA:84,0
DA:85,0
DA:89,2
DA:94,2
DA:104,1
DA:105,1
DA:142,1
DA:143,4
DA:144,4
DA:145,4
DA:148,3
DA:149,1
DA:153,1
DA:157,2
DA:158,1
DA:162,1
DA:166,1
DA:168,1
DA:173,1
DA:174,1
DA:208,1
DA:209,5
DA:211,5
DA:212,0
DA:216,0
DA:219,5
DA:220,5
DA:223,4
DA:224,1
DA:228,1
DA:232,3
DA:233,1
DA:237,1
DA:241,2
DA:242,2
DA:243,1
DA:247,1
DA:251,1
DA:253,1
DA:259,1
DA:260,1
DA:290,1
DA:291,3
DA:293,3
DA:294,0
DA:298,0
DA:301,3
DA:302,3
DA:305,2
DA:306,1
DA:310,1
DA:313,1
DA:318,1
DA:319,1
DA:359,1
DA:360,3
DA:362,3
DA:363,0
DA:367,0
DA:370,3
DA:371,3
DA:373,2
DA:378,1
DA:379,1
DA:414,1
DA:415,4
DA:416,4
DA:417,4
DA:420,3
DA:421,2
DA:425,2
DA:428,1
DA:433,1
DA:434,1
DA:441,1
LF:88
LH:80
BRDA:74,0,0,3
BRDA:74,0,1,2
BRDA:75,1,0,3
BRDA:75,1,1,3
BRDA:83,2,0,0
BRDA:83,2,1,2
BRDA:148,3,0,1
BRDA:148,3,1,2
BRDA:157,4,0,1
BRDA:157,4,1,1
BRDA:211,5,0,0
BRDA:211,5,1,5
BRDA:223,6,0,1
BRDA:223,6,1,3
BRDA:232,7,0,1
BRDA:232,7,1,2
BRDA:242,8,0,1
BRDA:242,8,1,1
BRDA:293,9,0,0
BRDA:293,9,1,3
BRDA:305,10,0,1
BRDA:305,10,1,1
BRDA:362,11,0,0
BRDA:362,11,1,3
BRDA:420,12,0,2
BRDA:420,12,1,1
BRDA:420,13,0,3
BRDA:420,13,1,2
BRF:28
BRH:24
end_of_record
TN:
SF:src\routes\tabs.ts
FN:48,(anonymous_1)
FN:100,(anonymous_2)
FN:161,(anonymous_3)
FN:259,(anonymous_4)
FN:341,(anonymous_5)
FN:409,(anonymous_6)
FNF:6
FNH:6
FNDA:2,(anonymous_1)
FNDA:2,(anonymous_2)
FNDA:5,(anonymous_3)
FNDA:2,(anonymous_4)
FNDA:3,(anonymous_5)
FNDA:3,(anonymous_6)
DA:8,1
DA:9,1
DA:10,1
DA:11,1
DA:14,1
DA:48,1
DA:49,2
DA:51,2
DA:52,0
DA:56,0
DA:60,2
DA:62,1
DA:67,1
DA:68,1
DA:100,1
DA:101,2
DA:103,2
DA:104,0
DA:108,0
DA:112,2
DA:114,1
DA:119,1
DA:120,1
DA:161,1
DA:162,5
DA:164,5
DA:165,0
DA:169,0
DA:172,5
DA:173,5
DA:176,4
DA:177,1
DA:181,1
DA:185,3
DA:186,1
DA:190,1
DA:193,2
DA:198,1
DA:199,1
DA:259,1
DA:260,2
DA:262,2
DA:263,0
DA:267,0
DA:271,2
DA:273,1
DA:278,1
DA:279,1
DA:341,1
DA:342,3
DA:344,3
DA:345,0
DA:349,0
DA:352,3
DA:353,3
DA:356,2
DA:357,1
DA:361,1
DA:364,1
DA:369,1
DA:370,1
DA:409,1
DA:410,3
DA:412,3
DA:413,0
DA:417,0
DA:420,3
DA:421,3
DA:424,2
DA:425,1
DA:429,1
DA:432,1
DA:437,1
DA:438,1
DA:445,1
LF:75
LH:63
BRDA:51,0,0,0
BRDA:51,0,1,2
BRDA:103,1,0,0
BRDA:103,1,1,2
BRDA:164,2,0,0
BRDA:164,2,1,5
BRDA:176,3,0,1
BRDA:176,3,1,3
BRDA:185,4,0,1
BRDA:185,4,1,2
BRDA:185,5,0,3
BRDA:185,5,1,2
BRDA:262,6,0,0
BRDA:262,6,1,2
BRDA:344,7,0,0
BRDA:344,7,1,3
BRDA:356,8,0,1
BRDA:356,8,1,1
BRDA:412,9,0,0
BRDA:412,9,1,3
BRDA:424,10,0,1
BRDA:424,10,1,1
BRF:22
BRH:16
end_of_record
TN:
SF:src\routes\theory.ts
FN:45,(anonymous_1)
FN:125,(anonymous_2)
FN:202,(anonymous_3)
FN:265,(anonymous_4)
FN:326,(anonymous_5)
FN:383,(anonymous_6)
FNF:6
FNH:6
FNDA:4,(anonymous_1)
FNDA:2,(anonymous_2)
FNDA:4,(anonymous_3)
FNDA:2,(anonymous_4)
FNDA:4,(anonymous_5)
FNDA:3,(anonymous_6)
DA:8,2
DA:9,2
DA:10,2
DA:13,2
DA:45,2
DA:46,4
DA:47,4
DA:50,4
DA:51,1
DA:55,1
DA:59,3
DA:62,2
DA:73,1
DA:74,1
DA:125,2
DA:126,2
DA:127,2
DA:130,2
DA:131,0
DA:135,0
DA:138,2
DA:141,2
DA:147,1
DA:152,1
DA:153,1
DA:202,2
DA:203,4
DA:204,4
DA:207,4
DA:208,0
DA:212,0
DA:215,4
DA:218,4
DA:219,1
DA:223,1
DA:227,3
DA:229,2
DA:234,1
DA:235,1
DA:265,2
DA:266,2
DA:267,2
DA:270,2
DA:271,0
DA:275,0
DA:279,2
DA:281,1
DA:286,1
DA:287,1
DA:326,2
DA:327,4
DA:329,4
DA:332,4
DA:334,3
DA:339,1
DA:340,1
DA:383,2
DA:384,3
DA:385,3
DA:388,3
DA:389,0
DA:393,0
DA:396,3
DA:399,3
DA:404,2
DA:412,1
DA:413,1
DA:420,2
LF:68
LH:60
BRDA:50,0,0,1
BRDA:50,0,1,3
BRDA:64,1,0,2
BRDA:64,1,1,1
BRDA:130,2,0,0
BRDA:130,2,1,2
BRDA:207,3,0,0
BRDA:207,3,1,4
BRDA:218,4,0,1
BRDA:218,4,1,3
BRDA:270,5,0,0
BRDA:270,5,1,2
BRDA:329,6,0,4
BRDA:329,6,1,3
BRDA:388,7,0,0
BRDA:388,7,1,3
BRDA:408,8,0,2
BRDA:408,8,1,1
BRF:18
BRH:14
end_of_record
TN:
SF:src\services\libraryService.ts
FN:33,(anonymous_0)
FN:59,(anonymous_1)
FN:76,(anonymous_2)
FN:94,(anonymous_3)
FN:99,(anonymous_4)
FN:117,(anonymous_5)
FN:129,(anonymous_6)
FN:148,(anonymous_7)
FN:169,(anonymous_8)
FN:180,(anonymous_9)
FN:207,(anonymous_10)
FNF:11
FNH:11
FNDA:2,(anonymous_0)
FNDA:1,(anonymous_1)
FNDA:7,(anonymous_2)
FNDA:2,(anonymous_3)
FNDA:1,(anonymous_4)
FNDA:2,(anonymous_5)
FNDA:2,(anonymous_6)
FNDA:1,(anonymous_7)
FNDA:3,(anonymous_8)
FNDA:2,(anonymous_9)
FNDA:7,(anonymous_10)
DA:8,4
DA:10,4
DA:18,4
DA:34,2
DA:40,2
DA:41,2
DA:60,1
DA:66,1
DA:67,1
DA:77,7
DA:78,7
DA:79,6
DA:95,2
DA:99,2
DA:118,2
DA:119,2
DA:130,2
DA:131,2
DA:149,1
DA:170,3
DA:180,3
DA:208,7
LF:22
LH:22
BRDA:33,0,0,0
BRDA:37,1,0,1
BRDA:37,1,1,1
BRDA:78,2,0,1
BRDA:78,2,1,6
BRDA:187,3,0,2
BRDA:187,3,1,2
BRDA:217,4,0,1
BRDA:217,4,1,6
BRF:9
BRH:8
end_of_record
TN:
SF:src\services\tabService.ts
FN:43,(anonymous_0)
FN:75,(anonymous_1)
FN:92,(anonymous_2)
FN:97,(anonymous_3)
FN:114,(anonymous_4)
FN:134,(anonymous_5)
FN:158,(anonymous_6)
FN:168,(anonymous_7)
FN:169,(anonymous_8)
FN:170,(anonymous_9)
FN:171,(anonymous_10)
FN:178,(anonymous_11)
FN:182,(anonymous_12)
FN:183,(anonymous_13)
FN:187,(anonymous_14)
FN:219,(anonymous_15)
FN:236,(anonymous_16)
FN:248,(anonymous_17)
FNF:18
FNH:13
FNDA:2,(anonymous_0)
FNDA:12,(anonymous_1)
FNDA:2,(anonymous_2)
FNDA:1,(anonymous_3)
FNDA:3,(anonymous_4)
FNDA:2,(anonymous_5)
FNDA:5,(anonymous_6)
FNDA:1,(anonymous_7)
FNDA:0,(anonymous_8)
FNDA:0,(anonymous_9)
FNDA:0,(anonymous_10)
FNDA:0,(anonymous_11)
FNDA:1,(anonymous_12)
FNDA:0,(anonymous_13)
FNDA:21,(anonymous_14)
FNDA:2,(anonymous_15)
FNDA:1,(anonymous_16)
FNDA:13,(anonymous_17)
DA:9,4
DA:11,4
DA:16,4
DA:24,4
DA:45,2
DA:46,2
DA:47,2
DA:48,2
DA:49,2
DA:51,2
DA:58,2
DA:76,12
DA:77,12
DA:93,2
DA:97,2
DA:115,3
DA:121,3
DA:124,3
DA:125,1
DA:126,1
DA:127,1
DA:130,3
DA:131,3
DA:133,3
DA:134,3
DA:160,5
DA:161,5
DA:163,3
DA:164,3
DA:167,3
DA:168,1
DA:169,0
DA:170,0
DA:172,0
DA:173,0
DA:175,0
DA:176,0
DA:179,0
DA:180,0
DA:182,1
DA:183,0
DA:187,3
DA:188,21
DA:189,2
DA:194,3
DA:197,2
DA:198,2
DA:200,2
DA:201,2
DA:220,2
DA:221,2
DA:237,1
DA:249,13
LF:53
LH:44
BRDA:45,0,0,2
BRDA:45,0,1,2
BRDA:46,1,0,2
BRDA:46,1,1,2
BRDA:47,2,0,2
BRDA:47,2,1,2
BRDA:48,3,0,2
BRDA:48,3,1,2
BRDA:49,4,0,2
BRDA:49,4,1,2
BRDA:54,5,0,2
BRDA:54,5,1,1
BRDA:54,6,0,2
BRDA:54,6,1,2
BRDA:55,7,0,2
BRDA:55,7,1,2
BRDA:77,8,0,10
BRDA:77,8,1,2
BRDA:114,9,0,0
BRDA:114,10,0,0
BRDA:124,11,0,1
BRDA:124,11,1,2
BRDA:161,12,0,2
BRDA:161,12,1,3
BRDA:161,13,0,5
BRDA:161,13,1,4
BRDA:180,14,0,0
BRDA:180,14,1,0
BRDA:188,15,0,2
BRDA:188,15,1,19
BRDA:194,16,0,1
BRDA:194,16,1,2
BRDA:256,17,0,13
BRDA:256,17,1,0
BRDA:258,18,0,13
BRDA:258,18,1,13
BRDA:259,19,0,13
BRDA:259,19,1,13
BRF:38
BRH:33
end_of_record
TN:
SF:src\services\theoryProgressService.ts
FN:50,(anonymous_0)
FN:98,(anonymous_1)
FN:107,(anonymous_2)
FN:170,(anonymous_3)
FN:212,(anonymous_4)
FN:222,(anonymous_5)
FN:245,(anonymous_6)
FN:265,(anonymous_7)
FN:283,(anonymous_8)
FN:303,(anonymous_9)
FN:323,(anonymous_10)
FN:348,(anonymous_11)
FN:368,(anonymous_12)
FNF:13
FNH:13
FNDA:27,(anonymous_0)
FNDA:8,(anonymous_1)
FNDA:9,(anonymous_2)
FNDA:4,(anonymous_3)
FNDA:3,(anonymous_4)
FNDA:4,(anonymous_5)
FNDA:2,(anonymous_6)
FNDA:3,(anonymous_7)
FNDA:2,(anonymous_8)
FNDA:3,(anonymous_9)
FNDA:3,(anonymous_10)
FNDA:2,(anonymous_11)
FNDA:1,(anonymous_12)
DA:8,3
DA:34,3
DA:51,27
DA:63,27
DA:65,18
DA:102,8
DA:105,8
DA:106,8
DA:107,9
DA:109,8
DA:111,6
DA:129,2
DA:142,8
DA:175,4
DA:176,4
DA:179,4
DA:180,2
DA:183,4
DA:184,4
DA:185,3
DA:188,4
DA:218,3
DA:220,3
DA:221,3
DA:222,4
DA:225,3
DA:246,2
DA:247,2
DA:266,3
DA:267,3
DA:284,2
DA:285,2
DA:304,3
DA:305,3
DA:329,3
DA:348,3
DA:369,1
LF:37
LH:37
BRDA:63,0,0,9
BRDA:63,0,1,18
BRDA:69,1,0,18
BRDA:69,1,1,0
BRDA:70,2,0,18
BRDA:70,2,1,2
BRDA:105,3,0,8
BRDA:105,3,1,2
BRDA:105,3,2,0
BRDA:106,4,0,8
BRDA:106,4,1,2
BRDA:106,5,0,8
BRDA:106,5,1,2
BRDA:109,6,0,6
BRDA:109,6,1,2
BRDA:121,7,0,6
BRDA:121,7,1,2
BRDA:135,8,0,2
BRDA:135,8,1,1
BRDA:145,9,0,8
BRDA:145,9,1,3
BRDA:176,10,0,4
BRDA:176,10,1,1
BRDA:179,11,0,2
BRDA:179,11,1,2
BRDA:183,12,0,4
BRDA:183,12,1,1
BRDA:184,13,0,3
BRDA:184,13,1,1
BRDA:220,14,0,3
BRDA:220,14,1,1
BRDA:221,15,0,2
BRDA:221,15,1,1
BRDA:226,16,0,3
BRDA:226,16,1,1
BRDA:227,17,0,3
BRDA:227,17,1,1
BRDA:229,18,0,3
BRDA:229,18,1,1
BRDA:247,19,0,2
BRDA:247,19,1,1
BRDA:267,20,0,3
BRDA:267,20,1,2
BRDA:285,21,0,2
BRDA:285,21,1,1
BRDA:305,22,0,3
BRDA:305,22,1,2
BRDA:323,23,0,1
BRF:48
BRH:46
end_of_record
TN:
SF:src\services\userService.ts
FN:46,(anonymous_1)
FN:76,(anonymous_2)
FN:96,(anonymous_3)
FN:116,(anonymous_4)
FN:135,(anonymous_5)
FN:158,(anonymous_6)
FN:171,(anonymous_7)
FNF:7
FNH:7
FNDA:2,(anonymous_1)
FNDA:2,(anonymous_2)
FNDA:2,(anonymous_3)
FNDA:7,(anonymous_4)
FNDA:1,(anonymous_5)
FNDA:2,(anonymous_6)
FNDA:7,(anonymous_7)
DA:9,4
DA:10,4
DA:12,4
DA:20,4
DA:27,4
DA:48,2
DA:50,2
DA:56,2
DA:57,2
DA:59,1
DA:77,2
DA:78,2
DA:79,1
DA:97,2
DA:98,2
DA:99,1
DA:117,7
DA:118,7
DA:119,5
DA:136,1
DA:159,2
DA:172,7
LF:22
LH:22
BRDA:57,0,0,1
BRDA:57,0,1,1
BRDA:78,1,0,1
BRDA:78,1,1,1
BRDA:98,2,0,1
BRDA:98,2,1,1
BRDA:118,3,0,2
BRDA:118,3,1,5
BRDA:178,4,0,1
BRDA:178,4,1,6
BRF:10
BRH:10
end_of_record
TN:
SF:src\types\index.ts
FN:85,(anonymous_0)
FN:89,(anonymous_1)
FNF:2
FNH:2
FNDA:4,(anonymous_0)
FNDA:2,(anonymous_1)
DA:84,1
DA:86,4
DA:90,2
DA:94,1
LF:4
LH:4
BRF:0
BRH:0
end_of_record
TN:
SF:src\utils\helpers.ts
FN:25,(anonymous_0)
FN:47,(anonymous_1)
FN:71,(anonymous_2)
FN:81,(anonymous_3)
FN:97,(anonymous_4)
FN:111,(anonymous_5)
FNF:6
FNH:6
FNDA:57,(anonymous_0)
FNDA:9,(anonymous_1)
FNDA:7,(anonymous_2)
FNDA:11,(anonymous_3)
FNDA:24,(anonymous_4)
FNDA:5,(anonymous_5)
DA:25,13
DA:26,57
DA:27,49
DA:28,49
DA:30,1
DA:47,13
DA:48,9
DA:71,13
DA:72,7
DA:73,4
DA:74,4
DA:76,3
DA:77,3
DA:79,2
DA:81,11
DA:97,24
DA:111,13
LF:17
LH:17
BRDA:26,0,0,8
BRDA:26,0,1,49
BRDA:72,1,0,3
BRDA:72,1,1,4
BRDA:74,2,0,1
BRDA:74,2,1,3
BRDA:77,3,0,1
BRDA:77,3,1,2
BRDA:81,4,0,9
BRDA:81,4,1,2
BRDA:111,5,0,2
BRDA:111,5,1,3
BRF:12
BRH:12
end_of_record
TN:
SF:src\utils\jwt.ts
FN:24,(anonymous_1)
FN:48,(anonymous_2)
FNF:2
FNH:2
FNDA:1,(anonymous_1)
FNDA:2,(anonymous_2)
DA:8,3
DA:9,3
DA:24,3
DA:25,1
DA:48,3
DA:49,2
LF:6
LH:6
BRF:0
BRH:0
end_of_record
TN:
SF:src\utils\validation.ts
FN:28,(anonymous_0)
FN:42,(anonymous_1)
FN:56,(anonymous_2)
FN:70,(anonymous_3)
FN:120,(anonymous_4)
FNF:5
FNH:5
FNDA:12,(anonymous_0)
FNDA:7,(anonymous_1)
FNDA:8,(anonymous_2)
FNDA:5,(anonymous_3)
FNDA:5,(anonymous_4)
DA:15,3
DA:28,12
DA:42,7
DA:56,8
DA:70,5
DA:79,3
DA:120,3
DA:124,5
DA:125,5
LF:9
LH:9
BRDA:56,0,0,8
BRDA:56,0,1,6
BRDA:70,1,0,5
BRDA:70,1,1,3
BRDA:127,2,0,1
BRDA:127,2,1,4
BRF:6
BRH:6
end_of_record
